<?xml version="1.0" encoding="utf-8"?>
<testsuites name="OSVVMLibraries_RunAllTests" timestamp="2024-07-18T00:14:19+02:00" time="302.572" tests="287" failures="0" errors="0" skipped="0">
	<properties>
		<property name="OsvvmVersion" value="2024.07-Dev" />
		<property name="Simulator" value="GHDL" />
		<property name="SimulatorVersion" value="5.0.0-dev" />
	</properties>
  <testsuite name="StreamTransactionPkg" time="14.248" tests="15" failures="0" errors="0" skipped="0">
    <testcase name="TbStream_SendGet1" classname="StreamTransactionPkg" assertions="1296" time="0.862" />
    <testcase name="TbStream_SendGetAsync1" classname="StreamTransactionPkg" assertions="1296" time="0.940" />
    <testcase name="TbStream_SendGetAll1" classname="StreamTransactionPkg" assertions="249" time="0.819" />
    <testcase name="TbStream_SendGetAllAsync1" classname="StreamTransactionPkg" assertions="249" time="0.800" />
    <testcase name="TbAxi_SendGetAllParam1" classname="StreamTransactionPkg" assertions="282" time="0.810" />
    <testcase name="TbAxi_SendGetAllParamAsync1" classname="StreamTransactionPkg" assertions="282" time="0.852" />
    <testcase name="TbStream_GotBurst1" classname="StreamTransactionPkg" assertions="74" time="0.757" />
    <testcase name="TbStream_SendCheckBurstVector1" classname="StreamTransactionPkg" assertions="66" time="0.705" />
    <testcase name="TbStream_SendCheckBurstVectorAsync1" classname="StreamTransactionPkg" assertions="52" time="0.722" />
    <testcase name="TbStream_ReleaseAcquireTransmitter1" classname="StreamTransactionPkg" assertions="34" time="0.744" />
    <testcase name="TbStream_ReleaseAcquireReceiver1" classname="StreamTransactionPkg" assertions="36" time="0.729" />
    <testcase name="TbStream_MultipleDriversTransmitter1" classname="StreamTransactionPkg" assertions="1" time="0.739" />
    <testcase name="TbStream_MultipleDriversReceiver1" classname="StreamTransactionPkg" assertions="1" time="0.719" />
    <testcase name="TbAxi_SetBurstMode1" classname="StreamTransactionPkg" assertions="6" time="0.752" />
    <testcase name="TbAxi_SetModelOptions1" classname="StreamTransactionPkg" assertions="6" time="0.724" />
  </testsuite>
  <testsuite name="StreamTransactionArrayPkg" time="12.645" tests="13" failures="0" errors="0" skipped="0">
    <testcase name="TbStream_SendGet1" classname="StreamTransactionArrayPkg" assertions="1296" time="0.862" />
    <testcase name="TbStream_SendGetAsync1" classname="StreamTransactionArrayPkg" assertions="1296" time="0.904" />
    <testcase name="TbStream_SendGetAll1" classname="StreamTransactionArrayPkg" assertions="249" time="0.838" />
    <testcase name="TbStream_SendGetAllAsync1" classname="StreamTransactionArrayPkg" assertions="249" time="0.823" />
    <testcase name="TbAxi_SendGetAllParam1" classname="StreamTransactionArrayPkg" assertions="282" time="0.837" />
    <testcase name="TbAxi_SendGetAllParamAsync1" classname="StreamTransactionArrayPkg" assertions="282" time="0.854" />
    <testcase name="TbStream_GotBurst1" classname="StreamTransactionArrayPkg" assertions="74" time="0.748" />
    <testcase name="TbStream_ReleaseAcquireTransmitter1" classname="StreamTransactionArrayPkg" assertions="34" time="0.774" />
    <testcase name="TbStream_ReleaseAcquireReceiver1" classname="StreamTransactionArrayPkg" assertions="36" time="0.759" />
    <testcase name="TbStream_MultipleDriversTransmitter1" classname="StreamTransactionArrayPkg" assertions="1" time="0.742" />
    <testcase name="TbStream_MultipleDriversReceiver1" classname="StreamTransactionArrayPkg" assertions="1" time="0.772" />
    <testcase name="TbAxi_SetBurstMode1" classname="StreamTransactionArrayPkg" assertions="6" time="0.693" />
    <testcase name="TbAxi_SetModelOptions1" classname="StreamTransactionArrayPkg" assertions="6" time="0.696" />
  </testsuite>
  <testsuite name="AddressBusTransactionPkg" time="43.973" tests="41" failures="0" errors="0" skipped="0">
    <testcase name="TbAxi4_TransactionApiManager" classname="AddressBusTransactionPkg" assertions="41" time="0.874" />
    <testcase name="TbAxi4_AlertLogIDManager" classname="AddressBusTransactionPkg" assertions="8" time="0.807" />
    <testcase name="TbAxi4_ReleaseAcquireManager1" classname="AddressBusTransactionPkg" assertions="38" time="0.859" />
    <testcase name="TbAxi4_MultipleDriversManager" classname="AddressBusTransactionPkg" assertions="1" time="0.822" />
    <testcase name="TbAxi4_BasicReadWrite" classname="AddressBusTransactionPkg" assertions="60" time="0.807" />
    <testcase name="TbAxi4_MemoryReadWrite1" classname="AddressBusTransactionPkg" assertions="40" time="0.822" />
    <testcase name="TbAxi4_MemoryReadWrite2" classname="AddressBusTransactionPkg" assertions="60" time="0.873" />
    <testcase name="TbAxi4_ReadPoll1" classname="AddressBusTransactionPkg" assertions="28" time="0.823" />
    <testcase name="TbAxi4_RandomReadWrite" classname="AddressBusTransactionPkg" assertions="3000" time="1.756" />
    <testcase name="TbAxi4_RandomReadWriteByte1" classname="AddressBusTransactionPkg" assertions="3000" time="1.696" />
    <testcase name="TbAxi4_ReadWriteAsync1" classname="AddressBusTransactionPkg" assertions="60" time="0.837" />
    <testcase name="TbAxi4_ReadWriteAsync2" classname="AddressBusTransactionPkg" assertions="60" time="0.841" />
    <testcase name="TbAxi4_ReadWriteAsync3" classname="AddressBusTransactionPkg" assertions="60" time="0.807" />
    <testcase name="TbAxi4_ReadWriteAsync4" classname="AddressBusTransactionPkg" assertions="60" time="0.831" />
    <testcase name="TbAxi4_TransactionApiSubordinate" classname="AddressBusTransactionPkg" assertions="51" time="0.875" />
    <testcase name="TbAxi4_AlertLogIDSubordinate" classname="AddressBusTransactionPkg" assertions="8" time="0.837" />
    <testcase name="TbAxi4_ReleaseAcquireSubordinate1" classname="AddressBusTransactionPkg" assertions="19" time="0.793" />
    <testcase name="TbAxi4_MultipleDriversSubordinate" classname="AddressBusTransactionPkg" assertions="1" time="0.855" />
    <testcase name="TbAxi4_SubordinateReadWrite1" classname="AddressBusTransactionPkg" assertions="60" time="0.854" />
    <testcase name="TbAxi4_SubordinateReadWrite2" classname="AddressBusTransactionPkg" assertions="60" time="0.815" />
    <testcase name="TbAxi4_SubordinateReadWrite3" classname="AddressBusTransactionPkg" assertions="60" time="0.836" />
    <testcase name="TbAxi4_SubordinateReadWriteAsync1" classname="AddressBusTransactionPkg" assertions="80" time="0.850" />
    <testcase name="TbAxi4_SubordinateReadWriteAsync2" classname="AddressBusTransactionPkg" assertions="90" time="0.862" />
    <testcase name="TbAxi4_TransactionApiMemory" classname="AddressBusTransactionPkg" assertions="41" time="0.809" />
    <testcase name="TbAxi4_AlertLogIDMemory" classname="AddressBusTransactionPkg" assertions="8" time="0.869" />
    <testcase name="TbAxi4_ReleaseAcquireMemory1" classname="AddressBusTransactionPkg" assertions="8" time="0.825" />
    <testcase name="TbAxi4_MultipleDriversMemory" classname="AddressBusTransactionPkg" assertions="1" time="0.841" />
    <testcase name="TbAxi4_MemoryAsync" classname="AddressBusTransactionPkg" assertions="28" time="0.887" />
    <testcase name="TbAxi4_TransactionApiManagerBurst" classname="AddressBusTransactionPkg" assertions="75" time="0.829" />
    <testcase name="TbAxi4_TransactionApiMemoryBurst" classname="AddressBusTransactionPkg" assertions="97" time="0.854" />
    <testcase name="TbAxi4_MemoryBurst1" classname="AddressBusTransactionPkg" assertions="114" time="0.892" />
    <testcase name="TbAxi4_MemoryBurstPattern1" classname="AddressBusTransactionPkg" assertions="114" time="0.925" />
    <testcase name="TbAxi4_MemoryBurstPattern2" classname="AddressBusTransactionPkg" assertions="96" time="0.919" />
    <testcase name="TbAxi4_MemoryBurstByte1" classname="AddressBusTransactionPkg" assertions="90" time="0.847" />
    <testcase name="TbAxi4_MemoryBurstBytePattern1" classname="AddressBusTransactionPkg" assertions="88" time="0.835" />
    <testcase name="TbAxi4_MemoryBurstAsync1" classname="AddressBusTransactionPkg" assertions="114" time="0.910" />
    <testcase name="TbAxi4_MemoryBurstAsyncPattern1" classname="AddressBusTransactionPkg" assertions="114" time="0.902" />
    <testcase name="TbAxi4_MemoryBurstAsyncPattern2" classname="AddressBusTransactionPkg" assertions="96" time="0.931" />
    <testcase name="TbAxi4_MemoryBurstSparse1" classname="AddressBusTransactionPkg" assertions="42" time="0.866" />
    <testcase name="TbAxi4_MemoryReadWriteDemo1" classname="AddressBusTransactionPkg" assertions="334" time="1.058" />
    <testcase name="TbAxi4_SetModelOptions1" classname="AddressBusTransactionPkg" assertions="60" time="0.898" />
  </testsuite>
  <testsuite name="AddressBusTransactionArrayPkg" time="44.489" tests="41" failures="0" errors="0" skipped="0">
    <testcase name="TbAxi4_TransactionApiManager" classname="AddressBusTransactionArrayPkg" assertions="41" time="0.892" />
    <testcase name="TbAxi4_AlertLogIDManager" classname="AddressBusTransactionArrayPkg" assertions="8" time="0.834" />
    <testcase name="TbAxi4_ReleaseAcquireManager1" classname="AddressBusTransactionArrayPkg" assertions="38" time="0.979" />
    <testcase name="TbAxi4_MultipleDriversManager" classname="AddressBusTransactionArrayPkg" assertions="1" time="0.850" />
    <testcase name="TbAxi4_BasicReadWrite" classname="AddressBusTransactionArrayPkg" assertions="60" time="0.849" />
    <testcase name="TbAxi4_MemoryReadWrite1" classname="AddressBusTransactionArrayPkg" assertions="40" time="0.926" />
    <testcase name="TbAxi4_MemoryReadWrite2" classname="AddressBusTransactionArrayPkg" assertions="60" time="0.892" />
    <testcase name="TbAxi4_ReadPoll1" classname="AddressBusTransactionArrayPkg" assertions="28" time="0.822" />
    <testcase name="TbAxi4_RandomReadWrite" classname="AddressBusTransactionArrayPkg" assertions="3000" time="1.652" />
    <testcase name="TbAxi4_RandomReadWriteByte1" classname="AddressBusTransactionArrayPkg" assertions="3000" time="1.783" />
    <testcase name="TbAxi4_ReadWriteAsync1" classname="AddressBusTransactionArrayPkg" assertions="60" time="0.883" />
    <testcase name="TbAxi4_ReadWriteAsync2" classname="AddressBusTransactionArrayPkg" assertions="60" time="0.889" />
    <testcase name="TbAxi4_ReadWriteAsync3" classname="AddressBusTransactionArrayPkg" assertions="60" time="0.881" />
    <testcase name="TbAxi4_ReadWriteAsync4" classname="AddressBusTransactionArrayPkg" assertions="60" time="0.892" />
    <testcase name="TbAxi4_TransactionApiSubordinate" classname="AddressBusTransactionArrayPkg" assertions="51" time="0.922" />
    <testcase name="TbAxi4_AlertLogIDSubordinate" classname="AddressBusTransactionArrayPkg" assertions="8" time="0.859" />
    <testcase name="TbAxi4_ReleaseAcquireSubordinate1" classname="AddressBusTransactionArrayPkg" assertions="19" time="0.825" />
    <testcase name="TbAxi4_MultipleDriversSubordinate" classname="AddressBusTransactionArrayPkg" assertions="1" time="0.825" />
    <testcase name="TbAxi4_SubordinateReadWrite1" classname="AddressBusTransactionArrayPkg" assertions="60" time="0.861" />
    <testcase name="TbAxi4_SubordinateReadWrite2" classname="AddressBusTransactionArrayPkg" assertions="60" time="0.892" />
    <testcase name="TbAxi4_SubordinateReadWrite3" classname="AddressBusTransactionArrayPkg" assertions="60" time="0.897" />
    <testcase name="TbAxi4_SubordinateReadWriteAsync1" classname="AddressBusTransactionArrayPkg" assertions="80" time="0.867" />
    <testcase name="TbAxi4_SubordinateReadWriteAsync2" classname="AddressBusTransactionArrayPkg" assertions="90" time="0.865" />
    <testcase name="TbAxi4_TransactionApiMemory" classname="AddressBusTransactionArrayPkg" assertions="41" time="0.848" />
    <testcase name="TbAxi4_AlertLogIDMemory" classname="AddressBusTransactionArrayPkg" assertions="8" time="0.815" />
    <testcase name="TbAxi4_ReleaseAcquireMemory1" classname="AddressBusTransactionArrayPkg" assertions="8" time="0.844" />
    <testcase name="TbAxi4_MultipleDriversMemory" classname="AddressBusTransactionArrayPkg" assertions="1" time="0.827" />
    <testcase name="TbAxi4_MemoryAsync" classname="AddressBusTransactionArrayPkg" assertions="28" time="0.857" />
    <testcase name="TbAxi4_TransactionApiManagerBurst" classname="AddressBusTransactionArrayPkg" assertions="75" time="0.863" />
    <testcase name="TbAxi4_TransactionApiMemoryBurst" classname="AddressBusTransactionArrayPkg" assertions="97" time="0.867" />
    <testcase name="TbAxi4_MemoryBurst1" classname="AddressBusTransactionArrayPkg" assertions="114" time="0.927" />
    <testcase name="TbAxi4_MemoryBurstPattern1" classname="AddressBusTransactionArrayPkg" assertions="114" time="0.927" />
    <testcase name="TbAxi4_MemoryBurstPattern2" classname="AddressBusTransactionArrayPkg" assertions="96" time="0.894" />
    <testcase name="TbAxi4_MemoryBurstByte1" classname="AddressBusTransactionArrayPkg" assertions="90" time="0.883" />
    <testcase name="TbAxi4_MemoryBurstBytePattern1" classname="AddressBusTransactionArrayPkg" assertions="88" time="0.842" />
    <testcase name="TbAxi4_MemoryBurstAsync1" classname="AddressBusTransactionArrayPkg" assertions="114" time="0.849" />
    <testcase name="TbAxi4_MemoryBurstAsyncPattern1" classname="AddressBusTransactionArrayPkg" assertions="114" time="0.895" />
    <testcase name="TbAxi4_MemoryBurstAsyncPattern2" classname="AddressBusTransactionArrayPkg" assertions="96" time="0.869" />
    <testcase name="TbAxi4_MemoryBurstSparse1" classname="AddressBusTransactionArrayPkg" assertions="42" time="0.827" />
    <testcase name="TbAxi4_MemoryReadWriteDemo1" classname="AddressBusTransactionArrayPkg" assertions="334" time="1.056" />
    <testcase name="TbAxi4_SetModelOptions1" classname="AddressBusTransactionArrayPkg" assertions="60" time="0.879" />
  </testsuite>
  <testsuite name="InterruptHandler_Gen" time="7.121" tests="6" failures="0" errors="0" skipped="0">
    <testcase name="TbAb_Interrupt1" classname="InterruptHandler_Gen" assertions="96" time="0.963" />
    <testcase name="TbAb_Interrupt2" classname="InterruptHandler_Gen" assertions="240" time="1.028" />
    <testcase name="TbAb_Interrupt3_NUM_INTERRUPTS_2" classname="InterruptHandler_Gen" assertions="240" time="1.074">
			<properties>
				<property name="generic" value="NUM_INTERRUPTS=2" />
			</properties>
		</testcase>
    <testcase name="TbAb_InterruptBurst1" classname="InterruptHandler_Gen" assertions="72" time="0.885" />
    <testcase name="TbAb_InterruptBurst2" classname="InterruptHandler_Gen" assertions="216" time="0.989" />
    <testcase name="TbAb_InterruptNoHandler1" classname="InterruptHandler_Gen" assertions="96" time="0.969" />
  </testsuite>
  <testsuite name="ModelParams" time="1.141" tests="2" failures="0" errors="0" skipped="0">
    <testcase name="TbModelParameters1" classname="ModelParams" assertions="60" time="0.484" />
    <testcase name="TbModelParameters2" classname="ModelParams" assertions="40" time="0.467" />
  </testsuite>
  <testsuite name="ModelParams_PT" time="0.568" tests="1" failures="0" errors="0" skipped="0">
    <testcase name="TbModelParameters" classname="ModelParams_PT" assertions="60" time="0.473" />
  </testsuite>
  <testsuite name="Axi4Lite" time="18.907" tests="17" failures="0" errors="0" skipped="0">
    <testcase name="TbAxi4_BasicReadWrite" classname="Axi4Lite" assertions="60" time="0.812" />
    <testcase name="TbAxi4_ReadWriteAsync1" classname="Axi4Lite" assertions="60" time="0.815" />
    <testcase name="TbAxi4_ReadWriteAsync2" classname="Axi4Lite" assertions="60" time="0.846" />
    <testcase name="TbAxi4_ReadWriteAsync3" classname="Axi4Lite" assertions="60" time="0.822" />
    <testcase name="TbAxi4_RandomReadWrite" classname="Axi4Lite" assertions="3000" time="1.406" />
    <testcase name="TbAxi4_RandomReadWriteByte" classname="Axi4Lite" assertions="3000" time="1.400" />
    <testcase name="TbAxi4_TimeOut" classname="Axi4Lite" assertions="75" time="0.828" />
    <testcase name="TbAxi4_WriteOptions" classname="Axi4Lite" assertions="72" time="0.819" />
    <testcase name="TbAxi4_MemoryReadWrite1" classname="Axi4Lite" assertions="40" time="0.844" />
    <testcase name="TbAxi4_AxiXResp" classname="Axi4Lite" assertions="36" time="0.806" />
    <testcase name="TbAxi4_AxiXResp2_Enum" classname="Axi4Lite" assertions="36" time="0.828" />
    <testcase name="TbAxi4_NoRandomTiming1" classname="Axi4Lite" assertions="192" time="0.935" />
    <testcase name="TbAxi4_ManagerRandomTiming1" classname="Axi4Lite" assertions="480" time="0.984" />
    <testcase name="TbAxi4_MemoryRandomTiming1" classname="Axi4Lite" assertions="480" time="0.958" />
    <testcase name="TbAxi4_SubordinateRandomTiming1" classname="Axi4Lite" assertions="768" time="0.940" />
    <testcase name="TbAxi4_ManagerMemoryRandomTiming1" classname="Axi4Lite" assertions="192" time="0.875" />
    <testcase name="TbAxi4_ManagerSubordinateRandomTiming1" classname="Axi4Lite" assertions="192" time="0.827" />
  </testsuite>
  <testsuite name="Axi4Full" time="75.356" tests="68" failures="0" errors="0" skipped="0">
    <testcase name="TbAxi4_DemoMemoryReadWrite1" classname="Axi4Full" assertions="334" time="1.474" />
    <testcase name="TbAxi4_BasicReadWrite" classname="Axi4Full" assertions="60" time="0.852" />
    <testcase name="TbAxi4_RandomReadWrite" classname="Axi4Full" assertions="3000" time="1.677" />
    <testcase name="TbAxi4_RandomReadWriteByte1" classname="Axi4Full" assertions="3000" time="1.772" />
    <testcase name="TbAxi4_SubordinateReadWrite1" classname="Axi4Full" assertions="60" time="0.827" />
    <testcase name="TbAxi4_SubordinateReadWrite2" classname="Axi4Full" assertions="60" time="0.815" />
    <testcase name="TbAxi4_SubordinateReadWrite3" classname="Axi4Full" assertions="60" time="0.889" />
    <testcase name="TbAxi4_ReadWriteAsync1" classname="Axi4Full" assertions="60" time="0.845" />
    <testcase name="TbAxi4_ReadWriteAsync2" classname="Axi4Full" assertions="60" time="0.875" />
    <testcase name="TbAxi4_ReadWriteAsync3" classname="Axi4Full" assertions="60" time="0.833" />
    <testcase name="TbAxi4_ReadWriteAsync4" classname="Axi4Full" assertions="60" time="0.828" />
    <testcase name="TbAxi4_SubordinateReadWriteAsync1" classname="Axi4Full" assertions="80" time="0.891" />
    <testcase name="TbAxi4_SubordinateReadWriteAsync2" classname="Axi4Full" assertions="90" time="0.805" />
    <testcase name="TbAxi4_MultipleDriversManager" classname="Axi4Full" assertions="1" time="0.836" />
    <testcase name="TbAxi4_MultipleDriversSubordinate" classname="Axi4Full" assertions="1" time="0.826" />
    <testcase name="TbAxi4_ReleaseAcquireSubordinate1" classname="Axi4Full" assertions="19" time="0.827" />
    <testcase name="TbAxi4_AlertLogIDManager" classname="Axi4Full" assertions="8" time="0.802" />
    <testcase name="TbAxi4_AlertLogIDSubordinate" classname="Axi4Full" assertions="8" time="0.838" />
    <testcase name="TbAxi4_TransactionApiSubordinate" classname="Axi4Full" assertions="51" time="0.830" />
    <testcase name="TbAxi4_ValidTimingManager" classname="Axi4Full" assertions="180" time="0.962" />
    <testcase name="TbAxi4_ValidTimingSubordinate" classname="Axi4Full" assertions="120" time="0.890" />
    <testcase name="TbAxi4_ReadyTimingSubordinate" classname="Axi4Full" assertions="270" time="0.994" />
    <testcase name="TbAxi4_AxiIfOptionsManagerSubordinate" classname="Axi4Full" assertions="105" time="0.885" />
    <testcase name="TbAxi4_AxiXResp" classname="Axi4Full" assertions="36" time="0.858" />
    <testcase name="TbAxi4_AxiXResp2_Enum" classname="Axi4Full" assertions="36" time="0.863" />
    <testcase name="TbAxi4_AxiXResp3_slv" classname="Axi4Full" assertions="36" time="0.854" />
    <testcase name="TbAxi4_TimeOutManager" classname="Axi4Full" assertions="45" time="0.821" />
    <testcase name="TbAxi4_TimeOutSubordinate" classname="Axi4Full" assertions="30" time="0.800" />
    <testcase name="TbAxi4_MemoryReadWrite1" classname="Axi4Full" assertions="40" time="0.807" />
    <testcase name="TbAxi4_MemoryReadWrite2" classname="Axi4Full" assertions="60" time="0.813" />
    <testcase name="TbAxi4_MultipleDriversMemory" classname="Axi4Full" assertions="1" time="0.814" />
    <testcase name="TbAxi4_ReleaseAcquireMemory1" classname="Axi4Full" assertions="8" time="0.853" />
    <testcase name="TbAxi4_AlertLogIDMemory" classname="Axi4Full" assertions="8" time="0.830" />
    <testcase name="TbAxi4_TimeOutMemory" classname="Axi4Full" assertions="15" time="0.846" />
    <testcase name="TbAxi4_TransactionApiManager" classname="Axi4Full" assertions="41" time="0.889" />
    <testcase name="TbAxi4_TransactionApiMemory" classname="Axi4Full" assertions="41" time="0.842" />
    <testcase name="TbAxi4_ValidTimingMemory" classname="Axi4Full" assertions="120" time="0.918" />
    <testcase name="TbAxi4_ReadyTimingManager" classname="Axi4Full" assertions="180" time="1.022" />
    <testcase name="TbAxi4_ReadyTimingMemory" classname="Axi4Full" assertions="270" time="1.072" />
    <testcase name="TbAxi4_MemoryAsync" classname="Axi4Full" assertions="28" time="0.954" />
    <testcase name="TbAxi4_MemoryBurst1" classname="Axi4Full" assertions="114" time="0.993" />
    <testcase name="TbAxi4_MemoryBurstAsync1" classname="Axi4Full" assertions="114" time="0.862" />
    <testcase name="TbAxi4_MemoryBurstByte1" classname="Axi4Full" assertions="90" time="0.870" />
    <testcase name="TbAxi4_MemoryBurstPattern1" classname="Axi4Full" assertions="114" time="0.890" />
    <testcase name="TbAxi4_MemoryBurstPattern2" classname="Axi4Full" assertions="96" time="0.947" />
    <testcase name="TbAxi4_MemoryBurstBytePattern1" classname="Axi4Full" assertions="88" time="0.885" />
    <testcase name="TbAxi4_MemoryBurstAsyncPattern1" classname="Axi4Full" assertions="114" time="0.922" />
    <testcase name="TbAxi4_MemoryBurstAsyncPattern2" classname="Axi4Full" assertions="515" time="0.986" />
    <testcase name="TbAxi4_MemoryBurstSparse1" classname="Axi4Full" assertions="42" time="0.824" />
    <testcase name="TbAxi4_ReleaseAcquireManager1" classname="Axi4Full" assertions="38" time="0.846" />
    <testcase name="TbAxi4_AxSizeManagerMemory1" classname="Axi4Full" assertions="103" time="0.867" />
    <testcase name="TbAxi4_AxSizeManagerMemory2" classname="Axi4Full" assertions="111" time="0.859" />
    <testcase name="TbAxi4_AxiIfOptionsManagerMemory" classname="Axi4Full" assertions="142" time="0.857" />
    <testcase name="TbAxi4_TransactionApiManagerBurst" classname="Axi4Full" assertions="75" time="0.871" />
    <testcase name="TbAxi4_TransactionApiMemoryBurst" classname="Axi4Full" assertions="97" time="0.876" />
    <testcase name="TbAxi4_ValidTimingBurstManager" classname="Axi4Full" assertions="816" time="1.076" />
    <testcase name="TbAxi4_ValidTimingBurstMemory" classname="Axi4Full" assertions="544" time="0.996" />
    <testcase name="TbAxi4_ManagerRandomTiming1" classname="Axi4Full" assertions="512" time="1.037" />
    <testcase name="TbAxi4_ManagerRandomTimingAsync1" classname="Axi4Full" assertions="512" time="0.971" />
    <testcase name="TbAxi4_MemoryRandomTiming1" classname="Axi4Full" assertions="512" time="1.011" />
    <testcase name="TbAxi4_MemoryRandomTimingAsync1" classname="Axi4Full" assertions="2048" time="1.490" />
    <testcase name="TbAxi4_ManagerMemoryRandomTiming1" classname="Axi4Full" assertions="512" time="1.060" />
    <testcase name="TbAxi4_SubordinateRandomTiming1" classname="Axi4Full" assertions="192" time="0.836" />
    <testcase name="TbAxi4_ManagerSubordinateRandomTiming1" classname="Axi4Full" assertions="192" time="0.866" />
    <testcase name="TbAxi4_ManagerSubordinateRandomTimingAsync1" classname="Axi4Full" assertions="768" time="1.078" />
    <testcase name="TbAxi4_NoRandomTiming1" classname="Axi4Full" assertions="512" time="1.000" />
    <testcase name="TbAxi4_Shared1" classname="Axi4Full" assertions="52" time="0.899" />
    <testcase name="TbAxi4_Separate1" classname="Axi4Full" assertions="52" time="0.954" />
  </testsuite>
  <testsuite name="AxiStream" time="61.952" tests="65" failures="0" errors="0" skipped="0">
    <testcase name="TbStream_SendGetDemo1" classname="AxiStream" assertions="341" time="0.921" />
    <testcase name="TbStream_SendGetPacketBurst1" classname="AxiStream" assertions="133" time="0.781" />
    <testcase name="TbStream_SendGetRandom1" classname="AxiStream" assertions="1616" time="1.000" />
    <testcase name="TbStream_SendGetRandom2" classname="AxiStream" assertions="6042" time="1.004" />
    <testcase name="TbStream_MultipleDriversTransmitter1" classname="AxiStream" assertions="2" time="0.712" />
    <testcase name="TbStream_MultipleDriversReceiver1" classname="AxiStream" assertions="2" time="0.690" />
    <testcase name="TbStream_SendGet1" classname="AxiStream" assertions="1297" time="0.814" />
    <testcase name="TbStream_ByteHandling1" classname="AxiStream" assertions="19" time="0.716" />
    <testcase name="TbStream_SendGetAsync1" classname="AxiStream" assertions="1297" time="0.860" />
    <testcase name="TbStream_ByteHandlingAsync1" classname="AxiStream" assertions="37" time="0.680" />
    <testcase name="TbStream_SendGetBurst1" classname="AxiStream" assertions="436" time="0.792" />
    <testcase name="TbStream_SendGetBurstByte1" classname="AxiStream" assertions="436" time="0.721" />
    <testcase name="TbStream_ByteHandlingBurst1" classname="AxiStream" assertions="37" time="0.750" />
    <testcase name="TbStream_ByteHandlingBurstByte1" classname="AxiStream" assertions="37" time="0.686" />
    <testcase name="TbStream_SendCheckBurst1" classname="AxiStream" assertions="476" time="0.744" />
    <testcase name="TbStream_SendCheckBurstByte1" classname="AxiStream" assertions="476" time="0.765" />
    <testcase name="TbStream_SendCheckBurstPattern1" classname="AxiStream" assertions="207" time="0.756" />
    <testcase name="TbStream_SendCheckBurstPattern2" classname="AxiStream" assertions="81" time="0.779" />
    <testcase name="TbStream_SendCheckBurstBytePattern1" classname="AxiStream" assertions="207" time="0.739" />
    <testcase name="TbStream_SendCheckBurstAsyncPattern1" classname="AxiStream" assertions="217" time="0.746" />
    <testcase name="TbStream_SendCheckBurstAsyncPattern2" classname="AxiStream" assertions="85" time="0.808" />
    <testcase name="TbStream_SendCheckBurstByteAsyncPattern1" classname="AxiStream" assertions="217" time="0.756" />
    <testcase name="TbStream_SendGetBurstAsync1" classname="AxiStream" assertions="446" time="0.822" />
    <testcase name="TbStream_SendGetBurstByteAsync1" classname="AxiStream" assertions="446" time="0.763" />
    <testcase name="TbStream_ByteHandlingBurstAsync1" classname="AxiStream" assertions="39" time="0.741" />
    <testcase name="TbStream_ByteHandlingBurstByteAsync1" classname="AxiStream" assertions="39" time="0.736" />
    <testcase name="TbStream_SendCheckBurstAsync1" classname="AxiStream" assertions="486" time="0.831" />
    <testcase name="TbStream_SendCheckBurstByteAsync1" classname="AxiStream" assertions="486" time="0.734" />
    <testcase name="TbStream_ReleaseAcquireTransmitter1" classname="AxiStream" assertions="35" time="0.855" />
    <testcase name="TbStream_ReleaseAcquireReceiver1" classname="AxiStream" assertions="37" time="0.714" />
    <testcase name="TbStream_AxiSendGet2" classname="AxiStream" assertions="383" time="0.845" />
    <testcase name="TbStream_AxiSetOptions1" classname="AxiStream" assertions="257" time="0.830" />
    <testcase name="TbStream_AxiTxValidDelay1" classname="AxiStream" assertions="66" time="0.770" />
    <testcase name="TbStream_AxiTiming1" classname="AxiStream" assertions="6" time="0.695" />
    <testcase name="TbStream_AxiTiming2" classname="AxiStream" assertions="33" time="0.707" />
    <testcase name="TbStream_AxiSetOptions2" classname="AxiStream" assertions="36" time="0.773" />
    <testcase name="TbStream_AxiSendGetAsync2" classname="AxiStream" assertions="647" time="0.837" />
    <testcase name="TbStream_AxiSetOptionsAsync1" classname="AxiStream" assertions="513" time="0.872" />
    <testcase name="TbStream_AxiSetOptionsAsync2" classname="AxiStream" assertions="64" time="0.724" />
    <testcase name="TbStream_WaitForGet1" classname="AxiStream" assertions="135" time="0.782" />
    <testcase name="TbStream_WaitForGetAsync1" classname="AxiStream" assertions="135" time="0.719" />
    <testcase name="TbStream_AxiSendGetBurst2" classname="AxiStream" assertions="466" time="0.766" />
    <testcase name="TbStream_AxiLastParam1" classname="AxiStream" assertions="1209" time="0.957" />
    <testcase name="TbStream_AxiLastOption1" classname="AxiStream" assertions="1313" time="1.018" />
    <testcase name="TbStream_AxiSetOptionsBurst1" classname="AxiStream" assertions="466" time="0.777" />
    <testcase name="TbStream_AxiTxValidDelayBurst1" classname="AxiStream" assertions="107" time="0.727" />
    <testcase name="TbStream_AxiTimingBurst2" classname="AxiStream" assertions="333" time="0.725" />
    <testcase name="TbStream_AxiSetOptionsBurst2" classname="AxiStream" assertions="239" time="0.761" />
    <testcase name="TbStream_AxiSetOptionsBurstByte2" classname="AxiStream" assertions="239" time="0.743" />
    <testcase name="TbStream_AxiSetOptionsBurst3" classname="AxiStream" assertions="463" time="0.812" />
    <testcase name="TbStream_AxiBurstNoLast1" classname="AxiStream" assertions="359" time="0.752" />
    <testcase name="TbStream_AxiSetOptionsBurstCheck3" classname="AxiStream" assertions="477" time="0.789" />
    <testcase name="TbStream_AxiSendCheckBurstPattern1" classname="AxiStream" assertions="123" time="0.749" />
    <testcase name="TbStream_AxiSendCheckBurstPattern2" classname="AxiStream" assertions="81" time="0.797" />
    <testcase name="TbStream_AxiSendCheckBurstAsyncPattern1" classname="AxiStream" assertions="133" time="0.754" />
    <testcase name="TbStream_AxiSendCheckBurstAsyncPattern2" classname="AxiStream" assertions="84" time="0.749" />
    <testcase name="TbStream_AxiSendGetBurstAsync2" classname="AxiStream" assertions="476" time="0.770" />
    <testcase name="TbStream_AxiLastParamAsync1" classname="AxiStream" assertions="1225" time="1.121" />
    <testcase name="TbStream_AxiLastOptionAsync1" classname="AxiStream" assertions="1312" time="1.015" />
    <testcase name="TbStream_AxiSetOptionsBurstAsync1" classname="AxiStream" assertions="476" time="0.787" />
    <testcase name="TbStream_AxiSetOptionsBurstAsync2" classname="AxiStream" assertions="246" time="0.807" />
    <testcase name="TbStream_AxiSetOptionsBurstByteAsync2" classname="AxiStream" assertions="246" time="0.785" />
    <testcase name="TbStream_AxiSetOptionsBurstAsync3" classname="AxiStream" assertions="470" time="0.750" />
    <testcase name="TbStream_AxiBurstAsyncNoLast1" classname="AxiStream" assertions="366" time="0.774" />
    <testcase name="TbStream_AxiSetOptionsBurstCheckAsync3" classname="AxiStream" assertions="484" time="0.809" />
  </testsuite>
  <testsuite name="Uart" time="10.695" tests="10" failures="0" errors="0" skipped="0">
    <testcase name="TbUart_SendGet1" classname="Uart" assertions="34" time="0.760" />
    <testcase name="TbUart_SendGet2" classname="Uart" assertions="26" time="0.799" />
    <testcase name="TbUart_Options1" classname="Uart" assertions="125" time="0.838" />
    <testcase name="TbUart_Options2" classname="Uart" assertions="12" time="0.699" />
    <testcase name="TbUart_Checkers1" classname="Uart" assertions="26" time="0.743" />
    <testcase name="TbUart_Checkers2" classname="Uart" assertions="26" time="0.735" />
    <testcase name="TbUart_Scoreboard1" classname="Uart" assertions="140" time="2.142" />
    <testcase name="TbUart_Overload1" classname="Uart" assertions="34" time="0.738" />
    <testcase name="TbUart_UartX1_1" classname="Uart" assertions="16" time="0.703" />
    <testcase name="TbUart_UartX1_2" classname="Uart" assertions="16" time="0.758" />
  </testsuite>
  <testsuite name="DpRam" time="1.033" tests="1" failures="0" errors="0" skipped="0">
    <testcase name="TbDpRam_BasicReadWrite" classname="DpRam" assertions="40" time="0.622" />
  </testsuite>
  <testsuite name="Ethernet" time="7.287" tests="6" failures="0" errors="0" skipped="0">
    <testcase name="Tb_xMii1" classname="Ethernet" assertions="2065" time="1.049" />
    <testcase name="Tb_xMii1_MII_INTERFACE_RGMII_MII_BPS_BPS_1G" classname="Ethernet" assertions="2065" time="1.166">
			<properties>
				<property name="generic" value="MII_INTERFACE=RGMII" />
				<property name="generic" value="MII_BPS=BPS_1G" />
			</properties>
		</testcase>
    <testcase name="Tb_xMii1_MII_INTERFACE_MII_MII_BPS_BPS_100M" classname="Ethernet" assertions="2065" time="1.132">
			<properties>
				<property name="generic" value="MII_INTERFACE=MII" />
				<property name="generic" value="MII_BPS=BPS_100M" />
			</properties>
		</testcase>
    <testcase name="Tb_xMii1_MII_INTERFACE_MII_MII_BPS_BPS_10M" classname="Ethernet" assertions="2065" time="1.115">
			<properties>
				<property name="generic" value="MII_INTERFACE=MII" />
				<property name="generic" value="MII_BPS=BPS_10M" />
			</properties>
		</testcase>
    <testcase name="Tb_xMii1_MII_INTERFACE_RMII_MII_BPS_BPS_100M" classname="Ethernet" assertions="2065" time="1.171">
			<properties>
				<property name="generic" value="MII_INTERFACE=RMII" />
				<property name="generic" value="MII_BPS=BPS_100M" />
			</properties>
		</testcase>
    <testcase name="Tb_xMii1_MII_INTERFACE_RMII_MII_BPS_BPS_10M" classname="Ethernet" assertions="2065" time="1.229">
			<properties>
				<property name="generic" value="MII_INTERFACE=RMII" />
				<property name="generic" value="MII_BPS=BPS_10M" />
			</properties>
		</testcase>
  </testsuite>
  <testsuite name="VideoBus" time="3.150" tests="1" failures="0" errors="0" skipped="0">
    <testcase name="TbVideoBus_SendGet" classname="VideoBus" assertions="16646" time="2.646" />
  </testsuite>
</testsuites>
