<?xml version="1.0" encoding="utf-8"?><testsuites><testsuite name="pytest" errors="0" failures="0" skipped="8" tests="10" time="0.141" timestamp="2024-02-22T17:00:04.573208" hostname="fv-az731-276"><testcase classname="tests.unit.Platform.__init__.AnyPlatform" name="test_Clang32" time="0.001"><skipped type="pytest.skip" message="Skipped 'test_Clang32', if environment variable 'ENVIRONMENT_NAME' doesn't match. Windows+MSYS2 (x86-64) - UCRT64">D:/a/pyTooling/pyTooling/tests/unit/Platform/__init__.py:212: Skipped 'test_Clang32', if environment variable 'ENVIRONMENT_NAME' doesn't match. Windows+MSYS2 (x86-64) - UCRT64</skipped></testcase><testcase classname="tests.unit.Platform.__init__.AnyPlatform" name="test_Clang64" time="0.000"><skipped type="pytest.skip" message="Skipped 'test_Clang64', if environment variable 'ENVIRONMENT_NAME' doesn't match. Windows+MSYS2 (x86-64) - UCRT64">D:/a/pyTooling/pyTooling/tests/unit/Platform/__init__.py:234: Skipped 'test_Clang64', if environment variable 'ENVIRONMENT_NAME' doesn't match. Windows+MSYS2 (x86-64) - UCRT64</skipped></testcase><testcase classname="tests.unit.Platform.__init__.AnyPlatform" name="test_MSYS" time="0.000"><skipped type="pytest.skip" message="Skipped 'test_MSYS', if environment variable 'ENVIRONMENT_NAME' doesn't match. Windows+MSYS2 (x86-64) - UCRT64">D:/a/pyTooling/pyTooling/tests/unit/Platform/__init__.py:124: Skipped 'test_MSYS', if environment variable 'ENVIRONMENT_NAME' doesn't match. Windows+MSYS2 (x86-64) - UCRT64</skipped></testcase><testcase classname="tests.unit.Platform.__init__.AnyPlatform" name="test_MinGW32" time="0.000"><skipped type="pytest.skip" message="Skipped 'test_MinGW32', if environment variable 'ENVIRONMENT_NAME' doesn't match. Windows+MSYS2 (x86-64) - UCRT64">D:/a/pyTooling/pyTooling/tests/unit/Platform/__init__.py:146: Skipped 'test_MinGW32', if environment variable 'ENVIRONMENT_NAME' doesn't match. Windows+MSYS2 (x86-64) - UCRT64</skipped></testcase><testcase classname="tests.unit.Platform.__init__.AnyPlatform" name="test_MinGW64" time="0.000"><skipped type="pytest.skip" message="Skipped 'test_MinGW64', if environment variable 'ENVIRONMENT_NAME' doesn't match. Windows+MSYS2 (x86-64) - UCRT64">D:/a/pyTooling/pyTooling/tests/unit/Platform/__init__.py:168: Skipped 'test_MinGW64', if environment variable 'ENVIRONMENT_NAME' doesn't match. Windows+MSYS2 (x86-64) - UCRT64</skipped></testcase><testcase classname="tests.unit.Platform.__init__.AnyPlatform" name="test_NativeLinux" time="0.001"><skipped type="pytest.skip" message="Skipped 'test_NativeLinux', if environment variable 'ENVIRONMENT_NAME' doesn't match. Windows+MSYS2 (x86-64) - UCRT64">D:/a/pyTooling/pyTooling/tests/unit/Platform/__init__.py:55: Skipped 'test_NativeLinux', if environment variable 'ENVIRONMENT_NAME' doesn't match. Windows+MSYS2 (x86-64) - UCRT64</skipped></testcase><testcase classname="tests.unit.Platform.__init__.AnyPlatform" name="test_NativeMacOS" time="0.000"><skipped type="pytest.skip" message="Skipped 'test_NativeMacOS', if environment variable 'ENVIRONMENT_NAME' doesn't match. Windows+MSYS2 (x86-64) - UCRT64">D:/a/pyTooling/pyTooling/tests/unit/Platform/__init__.py:78: Skipped 'test_NativeMacOS', if environment variable 'ENVIRONMENT_NAME' doesn't match. Windows+MSYS2 (x86-64) - UCRT64</skipped></testcase><testcase classname="tests.unit.Platform.__init__.AnyPlatform" name="test_NativeWindows" time="0.000"><skipped type="pytest.skip" message="Skipped 'test_NativeWindows', if environment variable 'ENVIRONMENT_NAME' doesn't match. Windows+MSYS2 (x86-64) - UCRT64">D:/a/pyTooling/pyTooling/tests/unit/Platform/__init__.py:101: Skipped 'test_NativeWindows', if environment variable 'ENVIRONMENT_NAME' doesn't match. Windows+MSYS2 (x86-64) - UCRT64</skipped></testcase><testcase classname="tests.unit.Platform.__init__.AnyPlatform" name="test_PlatformString" time="0.002" /><testcase classname="tests.unit.Platform.__init__.AnyPlatform" name="test_UCRT64" time="0.001" /></testsuite></testsuites>