<?xml version="1.0" encoding="utf-8"?><testsuites><testsuite name="pytest" errors="0" failures="0" skipped="0" tests="8" time="0.035" timestamp="2024-05-13T19:15:59.753356" hostname="fv-az532-278"><testcase classname="examples.Python.pytest.TestModuleA.Instantiation" name="test_NoParameter" time="0.001" /><testcase classname="examples.Python.pytest.TestModuleA.Instantiation" name="test_Parameter" time="0.001" /><testcase classname="examples.Python.pytest.TestModuleA.Properties" name="test_Getter" time="0.000" /><testcase classname="examples.Python.pytest.TestModuleA.Properties" name="test_Setter" time="0.000" /><testcase classname="examples.Python.pytest.TestModuleB.Instantiation" name="test_NoParameter" time="0.000" /><testcase classname="examples.Python.pytest.TestModuleB.Instantiation" name="test_Parameter" time="0.000" /><testcase classname="examples.Python.pytest.TestModuleB.Operations" name="test_Add" time="0.000" /><testcase classname="examples.Python.pytest.TestModuleB.Operations" name="test_Sub" time="0.000" /></testsuite></testsuites>