<?xml version="1.0" encoding="UTF-8" ?>
<testsuite errors="0" failures="1" hostname="fv-az1200-912" name="my.pack.MyClassTest" skipped="0" tests="1" time="0.002" timestamp="2024-05-12T19:00:51">
  <properties>
[...]
</properties>
  <testcase classname="my.pack.MyClassTest" name="testReturnTrue" time="0.0">
    <failure type="junit.framework.AssertionFailedError">junit.framework.AssertionFailedError
	at my.pack.MyClassTest.testReturnTrue(Unknown Source)
	at java.base/jdk.internal.reflect.NativeMethodAccessorImpl.invoke0(Native Method)
	at java.base/jdk.internal.reflect.NativeMethodAccessorImpl.invoke(NativeMethodAccessorImpl.java:62)
	at java.base/jdk.internal.reflect.DelegatingMethodAccessorImpl.invoke(DelegatingMethodAccessorImpl.java:43)
	at java.base/jdk.internal.reflect.NativeMethodAccessorImpl.invoke0(Native Method)
	at java.base/jdk.internal.reflect.NativeMethodAccessorImpl.invoke(NativeMethodAccessorImpl.java:62)
	at java.base/jdk.internal.reflect.DelegatingMethodAccessorImpl.invoke(DelegatingMethodAccessorImpl.java:43)
</failure>
  </testcase>
  <system-out><![CDATA[]]></system-out>
  <system-err><![CDATA[]]></system-err>
</testsuite>
