<?xml version="1.0" encoding="UTF-8"?>
<testsuite name="(empty)"
	tests="3"
	failures="0"
	disabled="0"
	skipped="0"
	hostname=""
	time="0"
	timestamp="2024-05-16T20:35:04"
	>
	<testcase name="Counter.Init" classname="Counter.Init" time="0.00249093" status="run">
		<properties/>
		<system-out>Running main() from /home/runner/work/pyEDAA.Reports/pyEDAA.Reports/examples/Cpp/GoogleTest/lib/googletest/googletest/src/gtest_main.cc
Note: Google Test filter = Counter.Init
[==========] Running 1 test from 1 test suite.
[----------] Global test environment set-up.
[----------] 1 test from Counter
[ RUN      ] Counter.Init
[       OK ] Counter.Init (0 ms)
[----------] 1 test from Counter (0 ms total)

[----------] Global test environment tear-down
[==========] 1 test from 1 test suite ran. (0 ms total)
[  PASSED  ] 1 test.
</system-out>
	</testcase>
	<testcase name="Counter.Increment" classname="Counter.Increment" time="0.00196033" status="run">
		<properties/>
		<system-out>Running main() from /home/runner/work/pyEDAA.Reports/pyEDAA.Reports/examples/Cpp/GoogleTest/lib/googletest/googletest/src/gtest_main.cc
Note: Google Test filter = Counter.Increment
[==========] Running 1 test from 1 test suite.
[----------] Global test environment set-up.
[----------] 1 test from Counter
[ RUN      ] Counter.Increment
[       OK ] Counter.Increment (0 ms)
[----------] 1 test from Counter (0 ms total)

[----------] Global test environment tear-down
[==========] 1 test from 1 test suite ran. (0 ms total)
[  PASSED  ] 1 test.
</system-out>
	</testcase>
	<testcase name="Counter.Decrement" classname="Counter.Decrement" time="0.00180111" status="run">
		<properties/>
		<system-out>Running main() from /home/runner/work/pyEDAA.Reports/pyEDAA.Reports/examples/Cpp/GoogleTest/lib/googletest/googletest/src/gtest_main.cc
Note: Google Test filter = Counter.Decrement
[==========] Running 1 test from 1 test suite.
[----------] Global test environment set-up.
[----------] 1 test from Counter
[ RUN      ] Counter.Decrement
[       OK ] Counter.Decrement (0 ms)
[----------] 1 test from Counter (0 ms total)

[----------] Global test environment tear-down
[==========] 1 test from 1 test suite ran. (0 ms total)
[  PASSED  ] 1 test.
</system-out>
	</testcase>
</testsuite>
