<?xml version="1.0" encoding="UTF-8"?>
<testsuites tests="3" failures="0" disabled="0" errors="0" time="0." timestamp="2024-05-16T20:35:03.156" name="AllTests">
  <testsuite name="Counter" tests="3" failures="0" disabled="0" skipped="0" errors="0" time="0." timestamp="2024-05-16T20:35:03.156">
    <testcase name="Init" file="/home/runner/work/pyEDAA.Reports/pyEDAA.Reports/examples/Cpp/GoogleTest/test/Counter.test.cpp" line="7" status="run" result="completed" time="0." timestamp="2024-05-16T20:35:03.156" classname="Counter" />
    <testcase name="Increment" file="/home/runner/work/pyEDAA.Reports/pyEDAA.Reports/examples/Cpp/GoogleTest/test/Counter.test.cpp" line="14" status="run" result="completed" time="0." timestamp="2024-05-16T20:35:03.156" classname="Counter" />
    <testcase name="Decrement" file="/home/runner/work/pyEDAA.Reports/pyEDAA.Reports/examples/Cpp/GoogleTest/test/Counter.test.cpp" line="20" status="run" result="completed" time="0." timestamp="2024-05-16T20:35:03.156" classname="Counter" />
  </testsuite>
</testsuites>
