<?xml version="1.0" encoding="utf-8"?><testsuites><testsuite name="pytest" errors="0" failures="0" skipped="9" tests="11" time="0.125" timestamp="2024-09-30T00:14:00.543612+00:00" hostname="fv-az836-74"><testcase classname="tests.unit.Platform.__init__.AnyPlatform" name="test_Clang32" time="0.001"><skipped type="pytest.skip" message="Skipped 'test_Clang32', if environment variable 'ENVIRONMENT_NAME' doesn't match. Windows+MSYS2 (x86-64) - MinGW64">D:/a/pyTooling/pyTooling/tests/unit/Platform/__init__.py:242: Skipped 'test_Clang32', if environment variable 'ENVIRONMENT_NAME' doesn't match. Windows+MSYS2 (x86-64) - MinGW64</skipped></testcase><testcase classname="tests.unit.Platform.__init__.AnyPlatform" name="test_Clang64" time="0.000"><skipped type="pytest.skip" message="Skipped 'test_Clang64', if environment variable 'ENVIRONMENT_NAME' doesn't match. Windows+MSYS2 (x86-64) - MinGW64">D:/a/pyTooling/pyTooling/tests/unit/Platform/__init__.py:265: Skipped 'test_Clang64', if environment variable 'ENVIRONMENT_NAME' doesn't match. Windows+MSYS2 (x86-64) - MinGW64</skipped></testcase><testcase classname="tests.unit.Platform.__init__.AnyPlatform" name="test_MSYS" time="0.000"><skipped type="pytest.skip" message="Skipped 'test_MSYS', if environment variable 'ENVIRONMENT_NAME' doesn't match. Windows+MSYS2 (x86-64) - MinGW64">D:/a/pyTooling/pyTooling/tests/unit/Platform/__init__.py:150: Skipped 'test_MSYS', if environment variable 'ENVIRONMENT_NAME' doesn't match. Windows+MSYS2 (x86-64) - MinGW64</skipped></testcase><testcase classname="tests.unit.Platform.__init__.AnyPlatform" name="test_MinGW32" time="0.000"><skipped type="pytest.skip" message="Skipped 'test_MinGW32', if environment variable 'ENVIRONMENT_NAME' doesn't match. Windows+MSYS2 (x86-64) - MinGW64">D:/a/pyTooling/pyTooling/tests/unit/Platform/__init__.py:173: Skipped 'test_MinGW32', if environment variable 'ENVIRONMENT_NAME' doesn't match. Windows+MSYS2 (x86-64) - MinGW64</skipped></testcase><testcase classname="tests.unit.Platform.__init__.AnyPlatform" name="test_MinGW64" time="0.002" /><testcase classname="tests.unit.Platform.__init__.AnyPlatform" name="test_NativeLinux" time="0.000"><skipped type="pytest.skip" message="Skipped 'test_NativeLinux', if environment variable 'ENVIRONMENT_NAME' doesn't match. Windows+MSYS2 (x86-64) - MinGW64">D:/a/pyTooling/pyTooling/tests/unit/Platform/__init__.py:54: Skipped 'test_NativeLinux', if environment variable 'ENVIRONMENT_NAME' doesn't match. Windows+MSYS2 (x86-64) - MinGW64</skipped></testcase><testcase classname="tests.unit.Platform.__init__.AnyPlatform" name="test_NativeMacOS_ARM" time="0.000"><skipped type="pytest.skip" message="Skipped 'test_NativeMacOS_ARM', if environment variable 'ENVIRONMENT_NAME' doesn't match. Windows+MSYS2 (x86-64) - MinGW64">D:/a/pyTooling/pyTooling/tests/unit/Platform/__init__.py:102: Skipped 'test_NativeMacOS_ARM', if environment variable 'ENVIRONMENT_NAME' doesn't match. Windows+MSYS2 (x86-64) - MinGW64</skipped></testcase><testcase classname="tests.unit.Platform.__init__.AnyPlatform" name="test_NativeMacOS_Intel" time="0.000"><skipped type="pytest.skip" message="Skipped 'test_NativeMacOS_Intel', if environment variable 'ENVIRONMENT_NAME' doesn't match. Windows+MSYS2 (x86-64) - MinGW64">D:/a/pyTooling/pyTooling/tests/unit/Platform/__init__.py:78: Skipped 'test_NativeMacOS_Intel', if environment variable 'ENVIRONMENT_NAME' doesn't match. Windows+MSYS2 (x86-64) - MinGW64</skipped></testcase><testcase classname="tests.unit.Platform.__init__.AnyPlatform" name="test_NativeWindows" time="0.000"><skipped type="pytest.skip" message="Skipped 'test_NativeWindows', if environment variable 'ENVIRONMENT_NAME' doesn't match. Windows+MSYS2 (x86-64) - MinGW64">D:/a/pyTooling/pyTooling/tests/unit/Platform/__init__.py:126: Skipped 'test_NativeWindows', if environment variable 'ENVIRONMENT_NAME' doesn't match. Windows+MSYS2 (x86-64) - MinGW64</skipped></testcase><testcase classname="tests.unit.Platform.__init__.AnyPlatform" name="test_PlatformString" time="0.001" /><testcase classname="tests.unit.Platform.__init__.AnyPlatform" name="test_UCRT64" time="0.000"><skipped type="pytest.skip" message="Skipped 'test_UCRT64', if environment variable 'ENVIRONMENT_NAME' doesn't match. Windows+MSYS2 (x86-64) - MinGW64">D:/a/pyTooling/pyTooling/tests/unit/Platform/__init__.py:219: Skipped 'test_UCRT64', if environment variable 'ENVIRONMENT_NAME' doesn't match. Windows+MSYS2 (x86-64) - MinGW64</skipped></testcase></testsuite></testsuites>