<?xml version="1.0" encoding="utf-8"?><testsuites><testsuite name="pytest" errors="0" failures="0" skipped="9" tests="11" time="0.090" timestamp="2024-09-30T00:13:26.175821+00:00" hostname="Mac-1727653668697.local"><testcase classname="tests.unit.Platform.__init__.AnyPlatform" name="test_Clang32" time="0.000"><skipped type="pytest.skip" message="Skipped 'test_Clang32', if environment variable 'ENVIRONMENT_NAME' doesn't match. macOS (aarch64)">/Users/runner/work/pyTooling/pyTooling/tests/unit/Platform/__init__.py:242: Skipped 'test_Clang32', if environment variable 'ENVIRONMENT_NAME' doesn't match. macOS (aarch64)</skipped></testcase><testcase classname="tests.unit.Platform.__init__.AnyPlatform" name="test_Clang64" time="0.000"><skipped type="pytest.skip" message="Skipped 'test_Clang64', if environment variable 'ENVIRONMENT_NAME' doesn't match. macOS (aarch64)">/Users/runner/work/pyTooling/pyTooling/tests/unit/Platform/__init__.py:265: Skipped 'test_Clang64', if environment variable 'ENVIRONMENT_NAME' doesn't match. macOS (aarch64)</skipped></testcase><testcase classname="tests.unit.Platform.__init__.AnyPlatform" name="test_MSYS" time="0.000"><skipped type="pytest.skip" message="Skipped 'test_MSYS', if environment variable 'ENVIRONMENT_NAME' doesn't match. macOS (aarch64)">/Users/runner/work/pyTooling/pyTooling/tests/unit/Platform/__init__.py:150: Skipped 'test_MSYS', if environment variable 'ENVIRONMENT_NAME' doesn't match. macOS (aarch64)</skipped></testcase><testcase classname="tests.unit.Platform.__init__.AnyPlatform" name="test_MinGW32" time="0.000"><skipped type="pytest.skip" message="Skipped 'test_MinGW32', if environment variable 'ENVIRONMENT_NAME' doesn't match. macOS (aarch64)">/Users/runner/work/pyTooling/pyTooling/tests/unit/Platform/__init__.py:173: Skipped 'test_MinGW32', if environment variable 'ENVIRONMENT_NAME' doesn't match. macOS (aarch64)</skipped></testcase><testcase classname="tests.unit.Platform.__init__.AnyPlatform" name="test_MinGW64" time="0.000"><skipped type="pytest.skip" message="Skipped 'test_MinGW64', if environment variable 'ENVIRONMENT_NAME' doesn't match. macOS (aarch64)">/Users/runner/work/pyTooling/pyTooling/tests/unit/Platform/__init__.py:196: Skipped 'test_MinGW64', if environment variable 'ENVIRONMENT_NAME' doesn't match. macOS (aarch64)</skipped></testcase><testcase classname="tests.unit.Platform.__init__.AnyPlatform" name="test_NativeLinux" time="0.000"><skipped type="pytest.skip" message="Skipped 'test_NativeLinux', if environment variable 'ENVIRONMENT_NAME' doesn't match. macOS (aarch64)">/Users/runner/work/pyTooling/pyTooling/tests/unit/Platform/__init__.py:54: Skipped 'test_NativeLinux', if environment variable 'ENVIRONMENT_NAME' doesn't match. macOS (aarch64)</skipped></testcase><testcase classname="tests.unit.Platform.__init__.AnyPlatform" name="test_NativeMacOS_ARM" time="0.001" /><testcase classname="tests.unit.Platform.__init__.AnyPlatform" name="test_NativeMacOS_Intel" time="0.000"><skipped type="pytest.skip" message="Skipped 'test_NativeMacOS_Intel', if environment variable 'ENVIRONMENT_NAME' doesn't match. macOS (aarch64)">/Users/runner/work/pyTooling/pyTooling/tests/unit/Platform/__init__.py:78: Skipped 'test_NativeMacOS_Intel', if environment variable 'ENVIRONMENT_NAME' doesn't match. macOS (aarch64)</skipped></testcase><testcase classname="tests.unit.Platform.__init__.AnyPlatform" name="test_NativeWindows" time="0.000"><skipped type="pytest.skip" message="Skipped 'test_NativeWindows', if environment variable 'ENVIRONMENT_NAME' doesn't match. macOS (aarch64)">/Users/runner/work/pyTooling/pyTooling/tests/unit/Platform/__init__.py:126: Skipped 'test_NativeWindows', if environment variable 'ENVIRONMENT_NAME' doesn't match. macOS (aarch64)</skipped></testcase><testcase classname="tests.unit.Platform.__init__.AnyPlatform" name="test_PlatformString" time="0.000" /><testcase classname="tests.unit.Platform.__init__.AnyPlatform" name="test_UCRT64" time="0.000"><skipped type="pytest.skip" message="Skipped 'test_UCRT64', if environment variable 'ENVIRONMENT_NAME' doesn't match. macOS (aarch64)">/Users/runner/work/pyTooling/pyTooling/tests/unit/Platform/__init__.py:219: Skipped 'test_UCRT64', if environment variable 'ENVIRONMENT_NAME' doesn't match. macOS (aarch64)</skipped></testcase></testsuite></testsuites>