<?xml version="1.0" encoding="utf-8"?><testsuites><testsuite name="pytest" errors="0" failures="0" skipped="17" tests="68" time="3.814" timestamp="2024-10-13T15:23:50.512968+00:00" hostname="fv-az1115-358"><testcase classname="libghdl.Comments.CommentAssociation" name="test_Comments" time="0.003" /><testcase classname="libghdl.Comments.CommentAssociation" name="test_arch_before" time="0.001" /><testcase classname="libghdl.Comments.CommentAssociation" name="test_arch_inside" time="0.001" /><testcase classname="libghdl.Comments.CommentAssociation" name="test_arch_inside_2" time="0.001" /><testcase classname="libghdl.Comments.CommentAssociation" name="test_arch_inside_fail" time="0.001"><skipped type="pytest.xfail" message="" /></testcase><testcase classname="libghdl.Comments.CommentAssociation" name="test_array" time="0.001" /><testcase classname="libghdl.Comments.CommentAssociation" name="test_conf_before" time="0.001" /><testcase classname="libghdl.Comments.CommentAssociation" name="test_conf_inside" time="0.001" /><testcase classname="libghdl.Comments.CommentAssociation" name="test_conf_inside_fail" time="0.001"><skipped type="pytest.xfail" message="" /></testcase><testcase classname="libghdl.Comments.CommentAssociation" name="test_const" time="0.001" /><testcase classname="libghdl.Comments.CommentAssociation" name="test_const_fail" time="0.001"><skipped type="pytest.xfail" message="" /></testcase><testcase classname="libghdl.Comments.CommentAssociation" name="test_ctxt_before" time="0.001" /><testcase classname="libghdl.Comments.CommentAssociation" name="test_ctxt_inside" time="0.001" /><testcase classname="libghdl.Comments.CommentAssociation" name="test_ctxt_inside_fail" time="0.001"><skipped type="pytest.xfail" message="" /></testcase><testcase classname="libghdl.Comments.CommentAssociation" name="test_element_1" time="0.001" /><testcase classname="libghdl.Comments.CommentAssociation" name="test_element_2" time="0.001" /><testcase classname="libghdl.Comments.CommentAssociation" name="test_element_3" time="0.001" /><testcase classname="libghdl.Comments.CommentAssociation" name="test_element_4" time="0.001" /><testcase classname="libghdl.Comments.CommentAssociation" name="test_elements_fail" time="0.001"><skipped type="pytest.xfail" message="" /></testcase><testcase classname="libghdl.Comments.CommentAssociation" name="test_entity_arch" time="0.001" /><testcase classname="libghdl.Comments.CommentAssociation" name="test_entity_before" time="0.001" /><testcase classname="libghdl.Comments.CommentAssociation" name="test_entity_inside" time="0.001" /><testcase classname="libghdl.Comments.CommentAssociation" name="test_enum" time="0.001" /><testcase classname="libghdl.Comments.CommentAssociation" name="test_enum_fail" time="0.001"><skipped type="pytest.xfail" message="" /></testcase><testcase classname="libghdl.Comments.CommentAssociation" name="test_enumlit_1" time="0.001" /><testcase classname="libghdl.Comments.CommentAssociation" name="test_enumlit_2" time="0.001" /><testcase classname="libghdl.Comments.CommentAssociation" name="test_enumlit_3" time="0.001" /><testcase classname="libghdl.Comments.CommentAssociation" name="test_enumlit_fail" time="0.001"><skipped type="pytest.xfail" message="" /></testcase><testcase classname="libghdl.Comments.CommentAssociation" name="test_func" time="0.001" /><testcase classname="libghdl.Comments.CommentAssociation" name="test_func_fail" time="0.001"><skipped type="pytest.xfail" message="" /></testcase><testcase classname="libghdl.Comments.CommentAssociation" name="test_func_param" time="0.001" /><testcase classname="libghdl.Comments.CommentAssociation" name="test_func_param_fail" time="0.001"><skipped type="pytest.xfail" message="" /></testcase><testcase classname="libghdl.Comments.CommentAssociation" name="test_line1" time="0.001" /><testcase classname="libghdl.Comments.CommentAssociation" name="test_multi1" time="0.001" /><testcase classname="libghdl.Comments.CommentAssociation" name="test_pkg_before" time="0.001" /><testcase classname="libghdl.Comments.CommentAssociation" name="test_pkg_inside" time="0.001" /><testcase classname="libghdl.Comments.CommentAssociation" name="test_pkg_inside_2" time="0.001" /><testcase classname="libghdl.Comments.CommentAssociation" name="test_pkg_inside_fail" time="0.001"><skipped type="pytest.xfail" message="" /></testcase><testcase classname="libghdl.Comments.CommentAssociation" name="test_pkg_inside_fail2" time="0.001"><skipped type="pytest.xfail" message="" /></testcase><testcase classname="libghdl.Comments.CommentAssociation" name="test_process" time="0.001" /><testcase classname="libghdl.Comments.CommentAssociation" name="test_process_2" time="0.001" /><testcase classname="libghdl.Comments.CommentAssociation" name="test_process_fail" time="0.001"><skipped type="pytest.xfail" message="" /></testcase><testcase classname="libghdl.Comments.CommentAssociation" name="test_record" time="0.001" /><testcase classname="libghdl.Comments.CommentAssociation" name="test_record_fail" time="0.001"><skipped type="pytest.xfail" message="" /></testcase><testcase classname="libghdl.Comments.CommentAssociation" name="test_sig" time="0.001" /><testcase classname="libghdl.Comments.CommentAssociation" name="test_sig_2" time="0.001" /><testcase classname="libghdl.Comments.CommentAssociation" name="test_sig_fail" time="0.001"><skipped type="pytest.xfail" message="" /></testcase><testcase classname="libghdl.Comments.CommentAssociation" name="test_type" time="0.001" /><testcase classname="libghdl.Comments.CommentAssociation" name="test_type_fail" time="0.001"><skipped type="pytest.xfail" message="" /></testcase><testcase classname="libghdl.Comments.CommentAssociation" name="test_var" time="0.001" /><testcase classname="libghdl.Comments.CommentAssociation" name="test_var_fail" time="0.001"><skipped type="pytest.xfail" message="" /></testcase><testcase classname="libghdl.Comments.SingleLine" name="test_Complex" time="0.002" /><testcase classname="libghdl.Comments.MultiLine" name="test_Complex" time="0.002" /><testcase classname="libghdl.Initialize.Instantiate" name="test_InitializeGHDL" time="0.001" /><testcase classname="lsp.LanguageServer.Test001_Simple" name="test_Request_Response" time="0.313" /><testcase classname="lsp.LanguageServer.Test002_Coverage" name="test_Request_Response" time="0.196" /><testcase classname="lsp.LanguageServer.Test003_Errors" name="test_Crash1" time="0.190" /><testcase classname="lsp.LanguageServer.Test003_Errors" name="test_Crash2" time="0.209" /><testcase classname="lsp.LanguageServer.Test003_Errors" name="test_Request_Response" time="0.185" /><testcase classname="lsp.LanguageServer.Test004_Error_Project" name="test_Request_Response" time="0.186"><skipped type="pytest.xfail" message="FIXME" /></testcase><testcase classname="lsp.LanguageServer.Test005_Create" name="test_Request_Response" time="0.180" /><testcase classname="lsp.LanguageServer.Test006_Option_Error" name="test_Request_Response" time="0.297" /><testcase classname="lsp.LanguageServer.Test007_Error_Project" name="test_Request_Response" time="0.231" /><testcase classname="lsp.LanguageServer.Test008_Error_NoFile" name="test_Request_Response" time="0.281" /><testcase classname="lsp.LanguageServer.Test009_ls_122" name="test_Request_Response" time="0.221" /><testcase classname="lsp.LanguageServer.Test010_ls_28" name="test_Request_Response" time="0.268" /><testcase classname="lsp.LanguageServer.Test011_closediag" name="test_Request_Response" time="0.185" /><testcase classname="lsp.LanguageServer.Test012_library" name="test_Request_Response" time="0.297" /></testsuite></testsuites>