<testsuites name=".github_OsvvmRegression" timestamp="2024-02-21T15:12+00:00" id="2024.01" time="385.579" tests="285" failures="0" errors="0" skipped="0">
	<testsuite name="StreamTransactionPkg" time="15.461" tests="15" failures="0" errors="0" skipped="0">
		<testcase name="TbStream_SendGet1" classname="TbStream_SendGet1" time="0.774" />
		<testcase name="TbStream_SendGetAsync1" classname="TbStream_SendGetAsync1" time="0.750" />
		<testcase name="TbStream_SendGetAll1" classname="TbStream_SendGetAll1" time="0.752" />
		<testcase name="TbStream_SendGetAllAsync1" classname="TbStream_SendGetAllAsync1" time="0.759" />
		<testcase name="TbAxi_SendGetAllParam1" classname="TbAxi_SendGetAllParam1" time="0.799" />
		<testcase name="TbAxi_SendGetAllParamAsync1" classname="TbAxi_SendGetAllParamAsync1" time="0.803" />
		<testcase name="TbStream_GotBurst1" classname="TbStream_GotBurst1" time="0.695" />
		<testcase name="TbStream_SendCheckBurstVector1" classname="TbStream_SendCheckBurstVector1" time="0.693" />
		<testcase name="TbStream_SendCheckBurstVectorAsync1" classname="TbStream_SendCheckBurstVectorAsync1" time="0.711" />
		<testcase name="TbStream_ReleaseAcquireTransmitter1" classname="TbStream_ReleaseAcquireTransmitter1" time="0.705" />
		<testcase name="TbStream_ReleaseAcquireReceiver1" classname="TbStream_ReleaseAcquireReceiver1" time="0.693" />
		<testcase name="TbStream_MultipleDriversTransmitter1" classname="TbStream_MultipleDriversTransmitter1" time="0.690" />
		<testcase name="TbStream_MultipleDriversReceiver1" classname="TbStream_MultipleDriversReceiver1" time="0.688" />
		<testcase name="TbAxi_SetBurstMode1" classname="TbAxi_SetBurstMode1" time="0.689" />
		<testcase name="TbAxi_SetModelOptions1" classname="TbAxi_SetModelOptions1" time="0.688" />
	</testsuite>
	<testsuite name="StreamTransactionArrayPkg" time="13.513" tests="13" failures="0" errors="0" skipped="0">
		<testcase name="TbStream_SendGet1" classname="TbStream_SendGet1" time="0.723" />
		<testcase name="TbStream_SendGetAsync1" classname="TbStream_SendGetAsync1" time="0.735" />
		<testcase name="TbStream_SendGetAll1" classname="TbStream_SendGetAll1" time="0.773" />
		<testcase name="TbStream_SendGetAllAsync1" classname="TbStream_SendGetAllAsync1" time="0.764" />
		<testcase name="TbAxi_SendGetAllParam1" classname="TbAxi_SendGetAllParam1" time="0.763" />
		<testcase name="TbAxi_SendGetAllParamAsync1" classname="TbAxi_SendGetAllParamAsync1" time="0.764" />
		<testcase name="TbStream_GotBurst1" classname="TbStream_GotBurst1" time="0.701" />
		<testcase name="TbStream_ReleaseAcquireTransmitter1" classname="TbStream_ReleaseAcquireTransmitter1" time="0.700" />
		<testcase name="TbStream_ReleaseAcquireReceiver1" classname="TbStream_ReleaseAcquireReceiver1" time="0.702" />
		<testcase name="TbStream_MultipleDriversTransmitter1" classname="TbStream_MultipleDriversTransmitter1" time="0.694" />
		<testcase name="TbStream_MultipleDriversReceiver1" classname="TbStream_MultipleDriversReceiver1" time="0.695" />
		<testcase name="TbAxi_SetBurstMode1" classname="TbAxi_SetBurstMode1" time="0.695" />
		<testcase name="TbAxi_SetModelOptions1" classname="TbAxi_SetModelOptions1" time="0.696" />
	</testsuite>
	<testsuite name="AddressBusTransactionPkg" time="53.584" tests="41" failures="0" errors="0" skipped="0">
		<testcase name="TbAxi4_TransactionApiManager" classname="TbAxi4_TransactionApiManager" time="0.935" />
		<testcase name="TbAxi4_AlertLogIDManager" classname="TbAxi4_AlertLogIDManager" time="0.927" />
		<testcase name="TbAxi4_ReleaseAcquireManager1" classname="TbAxi4_ReleaseAcquireManager1" time="0.941" />
		<testcase name="TbAxi4_MultipleDriversManager" classname="TbAxi4_MultipleDriversManager" time="0.910" />
		<testcase name="TbAxi4_BasicReadWrite" classname="TbAxi4_BasicReadWrite" time="0.934" />
		<testcase name="TbAxi4_MemoryReadWrite1" classname="TbAxi4_MemoryReadWrite1" time="0.941" />
		<testcase name="TbAxi4_MemoryReadWrite2" classname="TbAxi4_MemoryReadWrite2" time="0.943" />
		<testcase name="TbAxi4_ReadPoll1" classname="TbAxi4_ReadPoll1" time="0.928" />
		<testcase name="TbAxi4_RandomReadWrite" classname="TbAxi4_RandomReadWrite" time="1.306" />
		<testcase name="TbAxi4_RandomReadWriteByte1" classname="TbAxi4_RandomReadWriteByte1" time="1.325" />
		<testcase name="TbAxi4_ReadWriteAsync1" classname="TbAxi4_ReadWriteAsync1" time="0.928" />
		<testcase name="TbAxi4_ReadWriteAsync2" classname="TbAxi4_ReadWriteAsync2" time="0.927" />
		<testcase name="TbAxi4_ReadWriteAsync3" classname="TbAxi4_ReadWriteAsync3" time="0.924" />
		<testcase name="TbAxi4_ReadWriteAsync4" classname="TbAxi4_ReadWriteAsync4" time="0.927" />
		<testcase name="TbAxi4_TransactionApiSubordinate" classname="TbAxi4_TransactionApiSubordinate" time="0.926" />
		<testcase name="TbAxi4_AlertLogIDSubordinate" classname="TbAxi4_AlertLogIDSubordinate" time="0.915" />
		<testcase name="TbAxi4_ReleaseAcquireSubordinate1" classname="TbAxi4_ReleaseAcquireSubordinate1" time="0.940" />
		<testcase name="TbAxi4_MultipleDriversSubordinate" classname="TbAxi4_MultipleDriversSubordinate" time="0.916" />
		<testcase name="TbAxi4_SubordinateReadWrite1" classname="TbAxi4_SubordinateReadWrite1" time="0.930" />
		<testcase name="TbAxi4_SubordinateReadWrite2" classname="TbAxi4_SubordinateReadWrite2" time="0.934" />
		<testcase name="TbAxi4_SubordinateReadWrite3" classname="TbAxi4_SubordinateReadWrite3" time="0.927" />
		<testcase name="TbAxi4_SubordinateReadWriteAsync1" classname="TbAxi4_SubordinateReadWriteAsync1" time="0.933" />
		<testcase name="TbAxi4_SubordinateReadWriteAsync2" classname="TbAxi4_SubordinateReadWriteAsync2" time="0.929" />
		<testcase name="TbAxi4_TransactionApiMemory" classname="TbAxi4_TransactionApiMemory" time="0.934" />
		<testcase name="TbAxi4_AlertLogIDMemory" classname="TbAxi4_AlertLogIDMemory" time="0.927" />
		<testcase name="TbAxi4_ReleaseAcquireMemory1" classname="TbAxi4_ReleaseAcquireMemory1" time="0.926" />
		<testcase name="TbAxi4_MultipleDriversMemory" classname="TbAxi4_MultipleDriversMemory" time="0.927" />
		<testcase name="TbAxi4_MemoryAsync" classname="TbAxi4_MemoryAsync" time="0.940" />
		<testcase name="TbAxi4_TransactionApiManagerBurst" classname="TbAxi4_TransactionApiManagerBurst" time="0.952" />
		<testcase name="TbAxi4_TransactionApiMemoryBurst" classname="TbAxi4_TransactionApiMemoryBurst" time="0.950" />
		<testcase name="TbAxi4_MemoryBurst1" classname="TbAxi4_MemoryBurst1" time="0.950" />
		<testcase name="TbAxi4_MemoryBurstPattern1" classname="TbAxi4_MemoryBurstPattern1" time="0.959" />
		<testcase name="TbAxi4_MemoryBurstPattern2" classname="TbAxi4_MemoryBurstPattern2" time="1.001" />
		<testcase name="TbAxi4_MemoryBurstByte1" classname="TbAxi4_MemoryBurstByte1" time="0.942" />
		<testcase name="TbAxi4_MemoryBurstBytePattern1" classname="TbAxi4_MemoryBurstBytePattern1" time="0.945" />
		<testcase name="TbAxi4_MemoryBurstAsync1" classname="TbAxi4_MemoryBurstAsync1" time="0.946" />
		<testcase name="TbAxi4_MemoryBurstAsyncPattern1" classname="TbAxi4_MemoryBurstAsyncPattern1" time="0.947" />
		<testcase name="TbAxi4_MemoryBurstAsyncPattern2" classname="TbAxi4_MemoryBurstAsyncPattern2" time="1.000" />
		<testcase name="TbAxi4_MemoryBurstSparse1" classname="TbAxi4_MemoryBurstSparse1" time="0.933" />
		<testcase name="TbAxi4_MemoryReadWriteDemo1" classname="TbAxi4_MemoryReadWriteDemo1" time="1.118" />
		<testcase name="TbAxi4_SetModelOptions1" classname="TbAxi4_SetModelOptions1" time="0.934" />
	</testsuite>
	<testsuite name="AddressBusTransactionArrayPkg" time="54.186" tests="41" failures="0" errors="0" skipped="0">
		<testcase name="TbAxi4_TransactionApiManager" classname="TbAxi4_TransactionApiManager" time="0.943" />
		<testcase name="TbAxi4_AlertLogIDManager" classname="TbAxi4_AlertLogIDManager" time="0.956" />
		<testcase name="TbAxi4_ReleaseAcquireManager1" classname="TbAxi4_ReleaseAcquireManager1" time="0.940" />
		<testcase name="TbAxi4_MultipleDriversManager" classname="TbAxi4_MultipleDriversManager" time="0.919" />
		<testcase name="TbAxi4_BasicReadWrite" classname="TbAxi4_BasicReadWrite" time="0.933" />
		<testcase name="TbAxi4_MemoryReadWrite1" classname="TbAxi4_MemoryReadWrite1" time="0.937" />
		<testcase name="TbAxi4_MemoryReadWrite2" classname="TbAxi4_MemoryReadWrite2" time="0.953" />
		<testcase name="TbAxi4_ReadPoll1" classname="TbAxi4_ReadPoll1" time="0.935" />
		<testcase name="TbAxi4_RandomReadWrite" classname="TbAxi4_RandomReadWrite" time="1.311" />
		<testcase name="TbAxi4_RandomReadWriteByte1" classname="TbAxi4_RandomReadWriteByte1" time="1.313" />
		<testcase name="TbAxi4_ReadWriteAsync1" classname="TbAxi4_ReadWriteAsync1" time="0.937" />
		<testcase name="TbAxi4_ReadWriteAsync2" classname="TbAxi4_ReadWriteAsync2" time="0.934" />
		<testcase name="TbAxi4_ReadWriteAsync3" classname="TbAxi4_ReadWriteAsync3" time="0.932" />
		<testcase name="TbAxi4_ReadWriteAsync4" classname="TbAxi4_ReadWriteAsync4" time="0.986" />
		<testcase name="TbAxi4_TransactionApiSubordinate" classname="TbAxi4_TransactionApiSubordinate" time="0.929" />
		<testcase name="TbAxi4_AlertLogIDSubordinate" classname="TbAxi4_AlertLogIDSubordinate" time="0.930" />
		<testcase name="TbAxi4_ReleaseAcquireSubordinate1" classname="TbAxi4_ReleaseAcquireSubordinate1" time="0.928" />
		<testcase name="TbAxi4_MultipleDriversSubordinate" classname="TbAxi4_MultipleDriversSubordinate" time="0.924" />
		<testcase name="TbAxi4_SubordinateReadWrite1" classname="TbAxi4_SubordinateReadWrite1" time="0.938" />
		<testcase name="TbAxi4_SubordinateReadWrite2" classname="TbAxi4_SubordinateReadWrite2" time="0.946" />
		<testcase name="TbAxi4_SubordinateReadWrite3" classname="TbAxi4_SubordinateReadWrite3" time="0.939" />
		<testcase name="TbAxi4_SubordinateReadWriteAsync1" classname="TbAxi4_SubordinateReadWriteAsync1" time="0.937" />
		<testcase name="TbAxi4_SubordinateReadWriteAsync2" classname="TbAxi4_SubordinateReadWriteAsync2" time="0.943" />
		<testcase name="TbAxi4_TransactionApiMemory" classname="TbAxi4_TransactionApiMemory" time="0.944" />
		<testcase name="TbAxi4_AlertLogIDMemory" classname="TbAxi4_AlertLogIDMemory" time="0.935" />
		<testcase name="TbAxi4_ReleaseAcquireMemory1" classname="TbAxi4_ReleaseAcquireMemory1" time="0.936" />
		<testcase name="TbAxi4_MultipleDriversMemory" classname="TbAxi4_MultipleDriversMemory" time="0.936" />
		<testcase name="TbAxi4_MemoryAsync" classname="TbAxi4_MemoryAsync" time="0.944" />
		<testcase name="TbAxi4_TransactionApiManagerBurst" classname="TbAxi4_TransactionApiManagerBurst" time="0.959" />
		<testcase name="TbAxi4_TransactionApiMemoryBurst" classname="TbAxi4_TransactionApiMemoryBurst" time="0.953" />
		<testcase name="TbAxi4_MemoryBurst1" classname="TbAxi4_MemoryBurst1" time="0.952" />
		<testcase name="TbAxi4_MemoryBurstPattern1" classname="TbAxi4_MemoryBurstPattern1" time="0.962" />
		<testcase name="TbAxi4_MemoryBurstPattern2" classname="TbAxi4_MemoryBurstPattern2" time="1.017" />
		<testcase name="TbAxi4_MemoryBurstByte1" classname="TbAxi4_MemoryBurstByte1" time="0.943" />
		<testcase name="TbAxi4_MemoryBurstBytePattern1" classname="TbAxi4_MemoryBurstBytePattern1" time="0.966" />
		<testcase name="TbAxi4_MemoryBurstAsync1" classname="TbAxi4_MemoryBurstAsync1" time="0.985" />
		<testcase name="TbAxi4_MemoryBurstAsyncPattern1" classname="TbAxi4_MemoryBurstAsyncPattern1" time="0.955" />
		<testcase name="TbAxi4_MemoryBurstAsyncPattern2" classname="TbAxi4_MemoryBurstAsyncPattern2" time="1.006" />
		<testcase name="TbAxi4_MemoryBurstSparse1" classname="TbAxi4_MemoryBurstSparse1" time="0.943" />
		<testcase name="TbAxi4_MemoryReadWriteDemo1" classname="TbAxi4_MemoryReadWriteDemo1" time="1.143" />
		<testcase name="TbAxi4_SetModelOptions1" classname="TbAxi4_SetModelOptions1" time="0.947" />
	</testsuite>
	<testsuite name="InterruptHandler_Gen" time="9.234" tests="6" failures="0" errors="0" skipped="0">
		<testcase name="TbAb_Interrupt1" classname="TbAb_Interrupt1" time="1.098" />
		<testcase name="TbAb_Interrupt2" classname="TbAb_Interrupt2" time="1.149" />
		<testcase name="TbAb_Interrupt3" classname="TbAb_Interrupt3" time="1.148" />
		<testcase name="TbAb_InterruptBurst1" classname="TbAb_InterruptBurst1" time="1.097" />
		<testcase name="TbAb_InterruptBurst2" classname="TbAb_InterruptBurst2" time="1.124" />
		<testcase name="TbAb_InterruptNoHandler1" classname="TbAb_InterruptNoHandler1" time="1.091" />
	</testsuite>
	<testsuite name="ModelParams" time="1.266" tests="2" failures="0" errors="0" skipped="0">
		<testcase name="TbModelParameters1" classname="TbModelParameters1" time="0.433" />
		<testcase name="TbModelParameters2" classname="TbModelParameters2" time="0.437" />
	</testsuite>
	<testsuite name="ModelParams_PT" time="0.635" tests="1" failures="0" errors="0" skipped="0">
		<testcase name="TbModelParameters" classname="TbModelParameters" time="0.433" />
	</testsuite>
	<testsuite name="Axi4Lite" time="21.159" tests="17" failures="0" errors="0" skipped="0">
		<testcase name="TbAxi4_BasicReadWrite" classname="TbAxi4_BasicReadWrite" time="0.814" />
		<testcase name="TbAxi4_ReadWriteAsync1" classname="TbAxi4_ReadWriteAsync1" time="0.825" />
		<testcase name="TbAxi4_ReadWriteAsync2" classname="TbAxi4_ReadWriteAsync2" time="0.838" />
		<testcase name="TbAxi4_ReadWriteAsync3" classname="TbAxi4_ReadWriteAsync3" time="0.824" />
		<testcase name="TbAxi4_RandomReadWrite" classname="TbAxi4_RandomReadWrite" time="1.060" />
		<testcase name="TbAxi4_RandomReadWriteByte" classname="TbAxi4_RandomReadWriteByte" time="1.070" />
		<testcase name="TbAxi4_TimeOut" classname="TbAxi4_TimeOut" time="0.829" />
		<testcase name="TbAxi4_WriteOptions" classname="TbAxi4_WriteOptions" time="0.822" />
		<testcase name="TbAxi4_MemoryReadWrite1" classname="TbAxi4_MemoryReadWrite1" time="0.829" />
		<testcase name="TbAxi4_AxiXResp" classname="TbAxi4_AxiXResp" time="0.817" />
		<testcase name="TbAxi4_AxiXResp2_Enum" classname="TbAxi4_AxiXResp2_Enum" time="0.817" />
		<testcase name="TbAxi4_NoRandomTiming1" classname="TbAxi4_NoRandomTiming1" time="0.870" />
		<testcase name="TbAxi4_ManagerRandomTiming1" classname="TbAxi4_ManagerRandomTiming1" time="0.908" />
		<testcase name="TbAxi4_MemoryRandomTiming1" classname="TbAxi4_MemoryRandomTiming1" time="0.894" />
		<testcase name="TbAxi4_SubordinateRandomTiming1" classname="TbAxi4_SubordinateRandomTiming1" time="0.880" />
		<testcase name="TbAxi4_ManagerMemoryRandomTiming1" classname="TbAxi4_ManagerMemoryRandomTiming1" time="0.866" />
		<testcase name="TbAxi4_ManagerSubordinateRandomTiming1" classname="TbAxi4_ManagerSubordinateRandomTiming1" time="0.830" />
	</testsuite>
	<testsuite name="Axi4Full" time="89.595" tests="68" failures="0" errors="0" skipped="0">
		<testcase name="TbAxi4_DemoMemoryReadWrite1" classname="TbAxi4_DemoMemoryReadWrite1" time="1.074" />
		<testcase name="TbAxi4_BasicReadWrite" classname="TbAxi4_BasicReadWrite" time="0.900" />
		<testcase name="TbAxi4_RandomReadWrite" classname="TbAxi4_RandomReadWrite" time="1.261" />
		<testcase name="TbAxi4_RandomReadWriteByte1" classname="TbAxi4_RandomReadWriteByte1" time="1.280" />
		<testcase name="TbAxi4_SubordinateReadWrite1" classname="TbAxi4_SubordinateReadWrite1" time="0.905" />
		<testcase name="TbAxi4_SubordinateReadWrite2" classname="TbAxi4_SubordinateReadWrite2" time="0.899" />
		<testcase name="TbAxi4_SubordinateReadWrite3" classname="TbAxi4_SubordinateReadWrite3" time="0.903" />
		<testcase name="TbAxi4_ReadWriteAsync1" classname="TbAxi4_ReadWriteAsync1" time="0.900" />
		<testcase name="TbAxi4_ReadWriteAsync2" classname="TbAxi4_ReadWriteAsync2" time="0.925" />
		<testcase name="TbAxi4_ReadWriteAsync3" classname="TbAxi4_ReadWriteAsync3" time="0.901" />
		<testcase name="TbAxi4_ReadWriteAsync4" classname="TbAxi4_ReadWriteAsync4" time="0.908" />
		<testcase name="TbAxi4_SubordinateReadWriteAsync1" classname="TbAxi4_SubordinateReadWriteAsync1" time="0.917" />
		<testcase name="TbAxi4_SubordinateReadWriteAsync2" classname="TbAxi4_SubordinateReadWriteAsync2" time="0.913" />
		<testcase name="TbAxi4_MultipleDriversManager" classname="TbAxi4_MultipleDriversManager" time="0.914" />
		<testcase name="TbAxi4_MultipleDriversSubordinate" classname="TbAxi4_MultipleDriversSubordinate" time="0.921" />
		<testcase name="TbAxi4_ReleaseAcquireSubordinate1" classname="TbAxi4_ReleaseAcquireSubordinate1" time="0.908" />
		<testcase name="TbAxi4_AlertLogIDManager" classname="TbAxi4_AlertLogIDManager" time="0.899" />
		<testcase name="TbAxi4_AlertLogIDSubordinate" classname="TbAxi4_AlertLogIDSubordinate" time="0.898" />
		<testcase name="TbAxi4_TransactionApiSubordinate" classname="TbAxi4_TransactionApiSubordinate" time="0.907" />
		<testcase name="TbAxi4_ValidTimingManager" classname="TbAxi4_ValidTimingManager" time="0.990" />
		<testcase name="TbAxi4_ValidTimingSubordinate" classname="TbAxi4_ValidTimingSubordinate" time="0.929" />
		<testcase name="TbAxi4_ReadyTimingSubordinate" classname="TbAxi4_ReadyTimingSubordinate" time="0.952" />
		<testcase name="TbAxi4_AxiIfOptionsManagerSubordinate" classname="TbAxi4_AxiIfOptionsManagerSubordinate" time="0.912" />
		<testcase name="TbAxi4_AxiXResp" classname="TbAxi4_AxiXResp" time="0.936" />
		<testcase name="TbAxi4_AxiXResp2_Enum" classname="TbAxi4_AxiXResp2_Enum" time="0.904" />
		<testcase name="TbAxi4_AxiXResp3_slv" classname="TbAxi4_AxiXResp3_slv" time="0.896" />
		<testcase name="TbAxi4_TimeOutManager" classname="TbAxi4_TimeOutManager" time="0.897" />
		<testcase name="TbAxi4_TimeOutSubordinate" classname="TbAxi4_TimeOutSubordinate" time="0.893" />
		<testcase name="TbAxi4_MemoryReadWrite1" classname="TbAxi4_MemoryReadWrite1" time="0.911" />
		<testcase name="TbAxi4_MemoryReadWrite2" classname="TbAxi4_MemoryReadWrite2" time="0.929" />
		<testcase name="TbAxi4_MultipleDriversMemory" classname="TbAxi4_MultipleDriversMemory" time="0.896" />
		<testcase name="TbAxi4_ReleaseAcquireMemory1" classname="TbAxi4_ReleaseAcquireMemory1" time="0.905" />
		<testcase name="TbAxi4_AlertLogIDMemory" classname="TbAxi4_AlertLogIDMemory" time="0.908" />
		<testcase name="TbAxi4_TimeOutMemory" classname="TbAxi4_TimeOutMemory" time="0.916" />
		<testcase name="TbAxi4_TransactionApiManager" classname="TbAxi4_TransactionApiManager" time="0.916" />
		<testcase name="TbAxi4_TransactionApiMemory" classname="TbAxi4_TransactionApiMemory" time="0.923" />
		<testcase name="TbAxi4_ValidTimingMemory" classname="TbAxi4_ValidTimingMemory" time="0.947" />
		<testcase name="TbAxi4_ReadyTimingManager" classname="TbAxi4_ReadyTimingManager" time="0.971" />
		<testcase name="TbAxi4_ReadyTimingMemory" classname="TbAxi4_ReadyTimingMemory" time="0.992" />
		<testcase name="TbAxi4_MemoryAsync" classname="TbAxi4_MemoryAsync" time="0.918" />
		<testcase name="TbAxi4_MemoryBurst1" classname="TbAxi4_MemoryBurst1" time="0.949" />
		<testcase name="TbAxi4_MemoryBurstAsync1" classname="TbAxi4_MemoryBurstAsync1" time="0.950" />
		<testcase name="TbAxi4_MemoryBurstByte1" classname="TbAxi4_MemoryBurstByte1" time="0.931" />
		<testcase name="TbAxi4_MemoryBurstPattern1" classname="TbAxi4_MemoryBurstPattern1" time="0.955" />
		<testcase name="TbAxi4_MemoryBurstPattern2" classname="TbAxi4_MemoryBurstPattern2" time="0.984" />
		<testcase name="TbAxi4_MemoryBurstBytePattern1" classname="TbAxi4_MemoryBurstBytePattern1" time="0.929" />
		<testcase name="TbAxi4_MemoryBurstAsyncPattern1" classname="TbAxi4_MemoryBurstAsyncPattern1" time="0.932" />
		<testcase name="TbAxi4_MemoryBurstAsyncPattern2" classname="TbAxi4_MemoryBurstAsyncPattern2" time="0.993" />
		<testcase name="TbAxi4_MemoryBurstSparse1" classname="TbAxi4_MemoryBurstSparse1" time="0.923" />
		<testcase name="TbAxi4_ReleaseAcquireManager1" classname="TbAxi4_ReleaseAcquireManager1" time="0.925" />
		<testcase name="TbAxi4_AxSizeManagerMemory1" classname="TbAxi4_AxSizeManagerMemory1" time="0.930" />
		<testcase name="TbAxi4_AxSizeManagerMemory2" classname="TbAxi4_AxSizeManagerMemory2" time="0.946" />
		<testcase name="TbAxi4_AxiIfOptionsManagerMemory" classname="TbAxi4_AxiIfOptionsManagerMemory" time="0.949" />
		<testcase name="TbAxi4_TransactionApiManagerBurst" classname="TbAxi4_TransactionApiManagerBurst" time="0.949" />
		<testcase name="TbAxi4_TransactionApiMemoryBurst" classname="TbAxi4_TransactionApiMemoryBurst" time="0.933" />
		<testcase name="TbAxi4_ValidTimingBurstManager" classname="TbAxi4_ValidTimingBurstManager" time="1.049" />
		<testcase name="TbAxi4_ValidTimingBurstMemory" classname="TbAxi4_ValidTimingBurstMemory" time="1.041" />
		<testcase name="TbAxi4_ManagerRandomTiming1" classname="TbAxi4_ManagerRandomTiming1" time="1.042" />
		<testcase name="TbAxi4_ManagerRandomTimingAsync1" classname="TbAxi4_ManagerRandomTimingAsync1" time="0.997" />
		<testcase name="TbAxi4_MemoryRandomTiming1" classname="TbAxi4_MemoryRandomTiming1" time="1.067" />
		<testcase name="TbAxi4_MemoryRandomTimingAsync1" classname="TbAxi4_MemoryRandomTimingAsync1" time="1.233" />
		<testcase name="TbAxi4_ManagerMemoryRandomTiming1" classname="TbAxi4_ManagerMemoryRandomTiming1" time="1.048" />
		<testcase name="TbAxi4_SubordinateRandomTiming1" classname="TbAxi4_SubordinateRandomTiming1" time="0.946" />
		<testcase name="TbAxi4_ManagerSubordinateRandomTiming1" classname="TbAxi4_ManagerSubordinateRandomTiming1" time="0.934" />
		<testcase name="TbAxi4_ManagerSubordinateRandomTimingAsync1" classname="TbAxi4_ManagerSubordinateRandomTimingAsync1" time="0.993" />
		<testcase name="TbAxi4_NoRandomTiming1" classname="TbAxi4_NoRandomTiming1" time="1.028" />
		<testcase name="TbAxi4_Shared1" classname="TbAxi4_Shared1" time="1.059" />
		<testcase name="TbAxi4_Separate1" classname="TbAxi4_Separate1" time="1.126" />
	</testsuite>
	<testsuite name="AxiStream" time="69.883" tests="65" failures="0" errors="0" skipped="0">
		<testcase name="TbStream_SendGetDemo1" classname="TbStream_SendGetDemo1" time="0.909" />
		<testcase name="TbStream_SendGetPacketBurst1" classname="TbStream_SendGetPacketBurst1" time="0.777" />
		<testcase name="TbStream_SendGetRandom1" classname="TbStream_SendGetRandom1" time="0.826" />
		<testcase name="TbStream_SendGetRandom2" classname="TbStream_SendGetRandom2" time="0.890" />
		<testcase name="TbStream_MultipleDriversTransmitter1" classname="TbStream_MultipleDriversTransmitter1" time="0.717" />
		<testcase name="TbStream_MultipleDriversReceiver1" classname="TbStream_MultipleDriversReceiver1" time="0.712" />
		<testcase name="TbStream_SendGet1" classname="TbStream_SendGet1" time="0.782" />
		<testcase name="TbStream_ByteHandling1" classname="TbStream_ByteHandling1" time="0.718" />
		<testcase name="TbStream_SendGetAsync1" classname="TbStream_SendGetAsync1" time="0.759" />
		<testcase name="TbStream_ByteHandlingAsync1" classname="TbStream_ByteHandlingAsync1" time="0.720" />
		<testcase name="TbStream_SendGetBurst1" classname="TbStream_SendGetBurst1" time="0.779" />
		<testcase name="TbStream_SendGetBurstByte1" classname="TbStream_SendGetBurstByte1" time="0.751" />
		<testcase name="TbStream_ByteHandlingBurst1" classname="TbStream_ByteHandlingBurst1" time="0.717" />
		<testcase name="TbStream_ByteHandlingBurstByte1" classname="TbStream_ByteHandlingBurstByte1" time="0.715" />
		<testcase name="TbStream_SendCheckBurst1" classname="TbStream_SendCheckBurst1" time="0.735" />
		<testcase name="TbStream_SendCheckBurstByte1" classname="TbStream_SendCheckBurstByte1" time="0.720" />
		<testcase name="TbStream_SendCheckBurstPattern1" classname="TbStream_SendCheckBurstPattern1" time="0.729" />
		<testcase name="TbStream_SendCheckBurstPattern2" classname="TbStream_SendCheckBurstPattern2" time="0.770" />
		<testcase name="TbStream_SendCheckBurstBytePattern1" classname="TbStream_SendCheckBurstBytePattern1" time="0.738" />
		<testcase name="TbStream_SendCheckBurstAsyncPattern1" classname="TbStream_SendCheckBurstAsyncPattern1" time="0.751" />
		<testcase name="TbStream_SendCheckBurstAsyncPattern2" classname="TbStream_SendCheckBurstAsyncPattern2" time="0.770" />
		<testcase name="TbStream_SendCheckBurstByteAsyncPattern1" classname="TbStream_SendCheckBurstByteAsyncPattern1" time="0.720" />
		<testcase name="TbStream_SendGetBurstAsync1" classname="TbStream_SendGetBurstAsync1" time="0.744" />
		<testcase name="TbStream_SendGetBurstByteAsync1" classname="TbStream_SendGetBurstByteAsync1" time="0.724" />
		<testcase name="TbStream_ByteHandlingBurstAsync1" classname="TbStream_ByteHandlingBurstAsync1" time="0.718" />
		<testcase name="TbStream_ByteHandlingBurstByteAsync1" classname="TbStream_ByteHandlingBurstByteAsync1" time="0.726" />
		<testcase name="TbStream_SendCheckBurstAsync1" classname="TbStream_SendCheckBurstAsync1" time="0.757" />
		<testcase name="TbStream_SendCheckBurstByteAsync1" classname="TbStream_SendCheckBurstByteAsync1" time="0.720" />
		<testcase name="TbStream_ReleaseAcquireTransmitter1" classname="TbStream_ReleaseAcquireTransmitter1" time="0.722" />
		<testcase name="TbStream_ReleaseAcquireReceiver1" classname="TbStream_ReleaseAcquireReceiver1" time="0.716" />
		<testcase name="TbStream_AxiSendGet2" classname="TbStream_AxiSendGet2" time="0.734" />
		<testcase name="TbStream_AxiSetOptions1" classname="TbStream_AxiSetOptions1" time="0.758" />
		<testcase name="TbStream_AxiTxValidDelay1" classname="TbStream_AxiTxValidDelay1" time="0.712" />
		<testcase name="TbStream_AxiTiming1" classname="TbStream_AxiTiming1" time="0.709" />
		<testcase name="TbStream_AxiTiming2" classname="TbStream_AxiTiming2" time="0.712" />
		<testcase name="TbStream_AxiSetOptions2" classname="TbStream_AxiSetOptions2" time="0.726" />
		<testcase name="TbStream_AxiSendGetAsync2" classname="TbStream_AxiSendGetAsync2" time="0.742" />
		<testcase name="TbStream_AxiSetOptionsAsync1" classname="TbStream_AxiSetOptionsAsync1" time="0.745" />
		<testcase name="TbStream_AxiSetOptionsAsync2" classname="TbStream_AxiSetOptionsAsync2" time="0.728" />
		<testcase name="TbStream_WaitForGet1" classname="TbStream_WaitForGet1" time="0.725" />
		<testcase name="TbStream_WaitForGetAsync1" classname="TbStream_WaitForGetAsync1" time="0.725" />
		<testcase name="TbStream_AxiSendGetBurst2" classname="TbStream_AxiSendGetBurst2" time="0.731" />
		<testcase name="TbStream_AxiLastParam1" classname="TbStream_AxiLastParam1" time="0.812" />
		<testcase name="TbStream_AxiLastOption1" classname="TbStream_AxiLastOption1" time="0.863" />
		<testcase name="TbStream_AxiSetOptionsBurst1" classname="TbStream_AxiSetOptionsBurst1" time="0.734" />
		<testcase name="TbStream_AxiTxValidDelayBurst1" classname="TbStream_AxiTxValidDelayBurst1" time="0.720" />
		<testcase name="TbStream_AxiTimingBurst2" classname="TbStream_AxiTimingBurst2" time="0.730" />
		<testcase name="TbStream_AxiSetOptionsBurst2" classname="TbStream_AxiSetOptionsBurst2" time="0.737" />
		<testcase name="TbStream_AxiSetOptionsBurstByte2" classname="TbStream_AxiSetOptionsBurstByte2" time="0.724" />
		<testcase name="TbStream_AxiSetOptionsBurst3" classname="TbStream_AxiSetOptionsBurst3" time="0.725" />
		<testcase name="TbStream_AxiBurstNoLast1" classname="TbStream_AxiBurstNoLast1" time="0.741" />
		<testcase name="TbStream_AxiSetOptionsBurstCheck3" classname="TbStream_AxiSetOptionsBurstCheck3" time="0.732" />
		<testcase name="TbStream_AxiSendCheckBurstPattern1" classname="TbStream_AxiSendCheckBurstPattern1" time="0.728" />
		<testcase name="TbStream_AxiSendCheckBurstPattern2" classname="TbStream_AxiSendCheckBurstPattern2" time="0.776" />
		<testcase name="TbStream_AxiSendCheckBurstAsyncPattern1" classname="TbStream_AxiSendCheckBurstAsyncPattern1" time="0.717" />
		<testcase name="TbStream_AxiSendCheckBurstAsyncPattern2" classname="TbStream_AxiSendCheckBurstAsyncPattern2" time="0.771" />
		<testcase name="TbStream_AxiSendGetBurstAsync2" classname="TbStream_AxiSendGetBurstAsync2" time="0.726" />
		<testcase name="TbStream_AxiLastParamAsync1" classname="TbStream_AxiLastParamAsync1" time="0.796" />
		<testcase name="TbStream_AxiLastOptionAsync1" classname="TbStream_AxiLastOptionAsync1" time="0.783" />
		<testcase name="TbStream_AxiSetOptionsBurstAsync1" classname="TbStream_AxiSetOptionsBurstAsync1" time="0.753" />
		<testcase name="TbStream_AxiSetOptionsBurstAsync2" classname="TbStream_AxiSetOptionsBurstAsync2" time="0.763" />
		<testcase name="TbStream_AxiSetOptionsBurstByteAsync2" classname="TbStream_AxiSetOptionsBurstByteAsync2" time="0.733" />
		<testcase name="TbStream_AxiSetOptionsBurstAsync3" classname="TbStream_AxiSetOptionsBurstAsync3" time="0.726" />
		<testcase name="TbStream_AxiBurstAsyncNoLast1" classname="TbStream_AxiBurstAsyncNoLast1" time="0.747" />
		<testcase name="TbStream_AxiSetOptionsBurstCheckAsync3" classname="TbStream_AxiSetOptionsBurstCheckAsync3" time="0.729" />
	</testsuite>
	<testsuite name="Uart" time="10.578" tests="8" failures="0" errors="0" skipped="0">
		<testcase name="TbUart_SendGet1" classname="TbUart_SendGet1" time="0.761" />
		<testcase name="TbUart_SendGet2" classname="TbUart_SendGet2" time="0.760" />
		<testcase name="TbUart_Options1" classname="TbUart_Options1" time="0.812" />
		<testcase name="TbUart_Options2" classname="TbUart_Options2" time="0.661" />
		<testcase name="TbUart_Checkers1" classname="TbUart_Checkers1" time="0.735" />
		<testcase name="TbUart_Checkers2" classname="TbUart_Checkers2" time="0.734" />
		<testcase name="TbUart_Scoreboard1" classname="TbUart_Scoreboard1" time="2.406" />
		<testcase name="TbUart_Overload1" classname="TbUart_Overload1" time="0.756" />
	</testsuite>
	<testsuite name="DpRam" time="1.361" tests="1" failures="0" errors="0" skipped="0">
		<testcase name="TbDpRam_BasicReadWrite" classname="TbDpRam_BasicReadWrite" time="0.642" />
	</testsuite>
	<testsuite name="Ethernet" time="6.280" tests="6" failures="0" errors="0" skipped="0">
		<testcase name="Tb_xMii1" classname="Tb_xMii1" time="0.867" />
		<testcase name="Tb_xMii1" classname="Tb_xMii1" time="0.878" />
		<testcase name="Tb_xMii1" classname="Tb_xMii1" time="0.888" />
		<testcase name="Tb_xMii1" classname="Tb_xMii1" time="0.926" />
		<testcase name="Tb_xMii1" classname="Tb_xMii1" time="0.960" />
		<testcase name="Tb_xMii1" classname="Tb_xMii1" time="0.961" />
	</testsuite>
	<testsuite name="VideoBus" time="1.911" tests="1" failures="0" errors="0" skipped="0">
		<testcase name="TbVideoBus_SendGet" classname="TbVideoBus_SendGet" time="1.148" />
	</testsuite>
</testsuites>
