<testsuites
	name="OsvvmLibraries_RunAllTests"
	timestamp="2024-01-17T15:21-08:00"
	id="2024.01"
	time="1129.941"
	tests="288"
	failures="0"
	errors="0"
	skipped="0"
>
	<testsuite name="StreamTransactionPkg" time="63.430" tests="15" failures="0" errors="0" skipped="0">
		<testcase name="TbStream_SendGet1" classname="StreamTransactionPkg" time="3.823"></testcase>
		<testcase name="TbStream_SendGetAsync1" classname="StreamTransactionPkg" time="1.013"></testcase>
		<testcase name="TbStream_SendGetAll1" classname="StreamTransactionPkg" time="1.520"></testcase>
		<testcase name="TbStream_SendGetAllAsync1" classname="StreamTransactionPkg" time="1.349"></testcase>
		<testcase name="TbAxi_SendGetAllParam1" classname="StreamTransactionPkg" time="1.757"></testcase>
		<testcase name="TbAxi_SendGetAllParamAsync1" classname="StreamTransactionPkg" time="1.784"></testcase>
		<testcase name="TbStream_GotBurst1" classname="StreamTransactionPkg" time="1.177"></testcase>
		<testcase name="TbStream_SendCheckBurstVector1" classname="StreamTransactionPkg" time="1.421"></testcase>
		<testcase name="TbStream_SendCheckBurstVectorAsync1" classname="StreamTransactionPkg" time="1.520"></testcase>
		<testcase name="TbStream_ReleaseAcquireTransmitter1" classname="StreamTransactionPkg" time="1.170"></testcase>
		<testcase name="TbStream_ReleaseAcquireReceiver1" classname="StreamTransactionPkg" time="1.484"></testcase>
		<testcase name="TbStream_MultipleDriversTransmitter1" classname="StreamTransactionPkg" time="1.108"></testcase>
		<testcase name="TbStream_MultipleDriversReceiver1" classname="StreamTransactionPkg" time="1.269"></testcase>
		<testcase name="TbAxi_SetBurstMode1" classname="StreamTransactionPkg" time="1.086"></testcase>
		<testcase name="TbAxi_SetModelOptions1" classname="StreamTransactionPkg" time="1.075"></testcase>
	</testsuite>
	<testsuite name="StreamTransactionArrayPkg" time="56.072" tests="13" failures="0" errors="0" skipped="0">
		<testcase name="TbStream_SendGet1" classname="StreamTransactionArrayPkg" time="1.071"></testcase>
		<testcase name="TbStream_SendGetAsync1" classname="StreamTransactionArrayPkg" time="1.041"></testcase>
		<testcase name="TbStream_SendGetAll1" classname="StreamTransactionArrayPkg" time="1.253"></testcase>
		<testcase name="TbStream_SendGetAllAsync1" classname="StreamTransactionArrayPkg" time="1.370"></testcase>
		<testcase name="TbAxi_SendGetAllParam1" classname="StreamTransactionArrayPkg" time="1.557"></testcase>
		<testcase name="TbAxi_SendGetAllParamAsync1" classname="StreamTransactionArrayPkg" time="1.709"></testcase>
		<testcase name="TbStream_GotBurst1" classname="StreamTransactionArrayPkg" time="0.901"></testcase>
		<testcase name="TbStream_ReleaseAcquireTransmitter1" classname="StreamTransactionArrayPkg" time="1.630"></testcase>
		<testcase name="TbStream_ReleaseAcquireReceiver1" classname="StreamTransactionArrayPkg" time="1.275"></testcase>
		<testcase name="TbStream_MultipleDriversTransmitter1" classname="StreamTransactionArrayPkg" time="1.236"></testcase>
		<testcase name="TbStream_MultipleDriversReceiver1" classname="StreamTransactionArrayPkg" time="1.038"></testcase>
		<testcase name="TbAxi_SetBurstMode1" classname="StreamTransactionArrayPkg" time="0.985"></testcase>
		<testcase name="TbAxi_SetModelOptions1" classname="StreamTransactionArrayPkg" time="4.064"></testcase>
	</testsuite>
	<testsuite
		name="AddressBusTransactionPkg"
		time="178.513"
		tests="42"
		failures="0"
		errors="0"
		skipped="0"
	>
		<testcase
			name="TbAxi4_TransactionApiManager"
			classname="AddressBusTransactionPkg"
			time="1.725"
		>
		</testcase>
		<testcase
			name="TbAxi4_AlertLogIDManager"
			classname="AddressBusTransactionPkg"
			time="2.686"
		>
		</testcase>
		<testcase
			name="TbAxi4_ReleaseAcquireManager1"
			classname="AddressBusTransactionPkg"
			time="1.362"
		>
		</testcase>
		<testcase
			name="TbAxi4_MultipleDriversManager"
			classname="AddressBusTransactionPkg"
			time="1.203"
		>
		</testcase>
		<testcase
			name="TbAxi4_BasicReadWrite"
			classname="AddressBusTransactionPkg"
			time="1.320"
		>
		</testcase>
		<testcase
			name="TbAxi4_MemoryReadWrite1"
			classname="AddressBusTransactionPkg"
			time="1.282"
		>
		</testcase>
		<testcase
			name="TbAxi4_MemoryReadWrite2"
			classname="AddressBusTransactionPkg"
			time="1.721"
		>
		</testcase>
		<testcase
			name="TbAxi4_ReadPoll1"
			classname="AddressBusTransactionPkg"
			time="1.330"
		>
		</testcase>
		<testcase
			name="TbAxi4_RandomReadWrite"
			classname="AddressBusTransactionPkg"
			time="1.784"
		>
		</testcase>
		<testcase
			name="TbAxi4_RandomReadWriteByte1"
			classname="AddressBusTransactionPkg"
			time="1.516"
		>
		</testcase>
		<testcase
			name="TbAxi4_ReadWriteAsync1"
			classname="AddressBusTransactionPkg"
			time="1.286"
		>
		</testcase>
		<testcase
			name="TbAxi4_ReadWriteAsync2"
			classname="AddressBusTransactionPkg"
			time="1.312"
		>
		</testcase>
		<testcase
			name="TbAxi4_ReadWriteAsync3"
			classname="AddressBusTransactionPkg"
			time="1.453"
		>
		</testcase>
		<testcase
			name="TbAxi4_ReadWriteAsync4"
			classname="AddressBusTransactionPkg"
			time="1.526"
		>
		</testcase>
		<testcase
			name="TbAxi4_TransactionApiSubordinate"
			classname="AddressBusTransactionPkg"
			time="1.260"
		>
		</testcase>
		<testcase
			name="TbAxi4_AlertLogIDSubordinate"
			classname="AddressBusTransactionPkg"
			time="1.252"
		>
		</testcase>
		<testcase
			name="TbAxi4_ReleaseAcquireSubordinate1"
			classname="AddressBusTransactionPkg"
			time="1.182"
		>
		</testcase>
		<testcase
			name="TbAxi4_MultipleDriversSubordinate"
			classname="AddressBusTransactionPkg"
			time="1.200"
		>
		</testcase>
		<testcase
			name="TbAxi4_SubordinateReadWrite1"
			classname="AddressBusTransactionPkg"
			time="1.322"
		>
		</testcase>
		<testcase
			name="TbAxi4_SubordinateReadWrite2"
			classname="AddressBusTransactionPkg"
			time="1.309"
		>
		</testcase>
		<testcase
			name="TbAxi4_SubordinateReadWrite3"
			classname="AddressBusTransactionPkg"
			time="1.525"
		>
		</testcase>
		<testcase
			name="TbAxi4_SubordinateReadWriteAsync1"
			classname="AddressBusTransactionPkg"
			time="1.989"
		>
		</testcase>
		<testcase
			name="TbAxi4_SubordinateReadWriteAsync2"
			classname="AddressBusTransactionPkg"
			time="1.703"
		>
		</testcase>
		<testcase
			name="TbAxi4_TransactionApiMemory"
			classname="AddressBusTransactionPkg"
			time="1.709"
		>
		</testcase>
		<testcase
			name="TbAxi4_AlertLogIDMemory"
			classname="AddressBusTransactionPkg"
			time="1.228"
		>
		</testcase>
		<testcase
			name="TbAxi4_ReleaseAcquireMemory1"
			classname="AddressBusTransactionPkg"
			time="1.264"
		>
		</testcase>
		<testcase
			name="TbAxi4_MultipleDriversMemory"
			classname="AddressBusTransactionPkg"
			time="1.603"
		>
		</testcase>
		<testcase
			name="TbAxi4_MemoryAsync"
			classname="AddressBusTransactionPkg"
			time="3.374"
		>
		</testcase>
		<testcase
			name="TbAxi4_TransactionApiManagerBurst"
			classname="AddressBusTransactionPkg"
			time="1.991"
		>
		</testcase>
		<testcase
			name="TbAxi4_TransactionApiMemoryBurst"
			classname="AddressBusTransactionPkg"
			time="1.210"
		>
		</testcase>
		<testcase
			name="TbAxi4_MemoryBurst1"
			classname="AddressBusTransactionPkg"
			time="1.322"
		>
		</testcase>
		<testcase
			name="TbAxi4_MemoryBurstPattern1"
			classname="AddressBusTransactionPkg"
			time="1.375"
		>
		</testcase>
		<testcase
			name="TbAxi4_MemoryBurstPattern2"
			classname="AddressBusTransactionPkg"
			time="1.599"
		>
		</testcase>
		<testcase
			name="TbAxi4_MemoryBurstByte1"
			classname="AddressBusTransactionPkg"
			time="1.184"
		>
		</testcase>
		<testcase
			name="TbAxi4_MemoryBurstBytePattern1"
			classname="AddressBusTransactionPkg"
			time="1.132"
		>
		</testcase>
		<testcase
			name="TbAxi4_MemoryBurstAsync1"
			classname="AddressBusTransactionPkg"
			time="1.171"
		>
		</testcase>
		<testcase
			name="TbAxi4_MemoryBurstAsyncPattern1"
			classname="AddressBusTransactionPkg"
			time="1.172"
		>
		</testcase>
		<testcase
			name="TbAxi4_MemoryBurstAsyncPattern2"
			classname="AddressBusTransactionPkg"
			time="1.318"
		>
		</testcase>
		<testcase
			name="TbAxi4_MemoryBurstSparse1"
			classname="AddressBusTransactionPkg"
			time="1.129"
		>
		</testcase>
		<testcase
			name="TbAxi4_MemoryReadWriteDemo1"
			classname="AddressBusTransactionPkg"
			time="1.493"
		>
		</testcase>
		<testcase
			name="TbAxi4_Interrupt1"
			classname="AddressBusTransactionPkg"
			time="1.423"
		>
		</testcase>
		<testcase
			name="TbAxi4_SetModelOptions1"
			classname="AddressBusTransactionPkg"
			time="1.099"
		>
		</testcase>
	</testsuite>
	<testsuite
		name="AddressBusTransactionArrayPkg"
		time="174.963"
		tests="42"
		failures="0"
		errors="0"
		skipped="0"
	>
		<testcase
			name="TbAxi4_TransactionApiManager"
			classname="AddressBusTransactionArrayPkg"
			time="1.217"
		>
		</testcase>
		<testcase
			name="TbAxi4_AlertLogIDManager"
			classname="AddressBusTransactionArrayPkg"
			time="1.294"
		>
		</testcase>
		<testcase
			name="TbAxi4_ReleaseAcquireManager1"
			classname="AddressBusTransactionArrayPkg"
			time="1.124"
		>
		</testcase>
		<testcase
			name="TbAxi4_MultipleDriversManager"
			classname="AddressBusTransactionArrayPkg"
			time="1.240"
		>
		</testcase>
		<testcase
			name="TbAxi4_BasicReadWrite"
			classname="AddressBusTransactionArrayPkg"
			time="1.583"
		>
		</testcase>
		<testcase
			name="TbAxi4_MemoryReadWrite1"
			classname="AddressBusTransactionArrayPkg"
			time="2.048"
		>
		</testcase>
		<testcase
			name="TbAxi4_MemoryReadWrite2"
			classname="AddressBusTransactionArrayPkg"
			time="2.906"
		>
		</testcase>
		<testcase
			name="TbAxi4_ReadPoll1"
			classname="AddressBusTransactionArrayPkg"
			time="1.605"
		>
		</testcase>
		<testcase
			name="TbAxi4_RandomReadWrite"
			classname="AddressBusTransactionArrayPkg"
			time="1.692"
		>
		</testcase>
		<testcase
			name="TbAxi4_RandomReadWriteByte1"
			classname="AddressBusTransactionArrayPkg"
			time="1.816"
		>
		</testcase>
		<testcase
			name="TbAxi4_ReadWriteAsync1"
			classname="AddressBusTransactionArrayPkg"
			time="1.118"
		>
		</testcase>
		<testcase
			name="TbAxi4_ReadWriteAsync2"
			classname="AddressBusTransactionArrayPkg"
			time="1.516"
		>
		</testcase>
		<testcase
			name="TbAxi4_ReadWriteAsync3"
			classname="AddressBusTransactionArrayPkg"
			time="2.236"
		>
		</testcase>
		<testcase
			name="TbAxi4_ReadWriteAsync4"
			classname="AddressBusTransactionArrayPkg"
			time="2.100"
		>
		</testcase>
		<testcase
			name="TbAxi4_TransactionApiSubordinate"
			classname="AddressBusTransactionArrayPkg"
			time="1.678"
		>
		</testcase>
		<testcase
			name="TbAxi4_AlertLogIDSubordinate"
			classname="AddressBusTransactionArrayPkg"
			time="2.903"
		>
		</testcase>
		<testcase
			name="TbAxi4_ReleaseAcquireSubordinate1"
			classname="AddressBusTransactionArrayPkg"
			time="2.733"
		>
		</testcase>
		<testcase
			name="TbAxi4_MultipleDriversSubordinate"
			classname="AddressBusTransactionArrayPkg"
			time="1.538"
		>
		</testcase>
		<testcase
			name="TbAxi4_SubordinateReadWrite1"
			classname="AddressBusTransactionArrayPkg"
			time="1.755"
		>
		</testcase>
		<testcase
			name="TbAxi4_SubordinateReadWrite2"
			classname="AddressBusTransactionArrayPkg"
			time="1.994"
		>
		</testcase>
		<testcase
			name="TbAxi4_SubordinateReadWrite3"
			classname="AddressBusTransactionArrayPkg"
			time="1.474"
		>
		</testcase>
		<testcase
			name="TbAxi4_SubordinateReadWriteAsync1"
			classname="AddressBusTransactionArrayPkg"
			time="1.468"
		>
		</testcase>
		<testcase
			name="TbAxi4_SubordinateReadWriteAsync2"
			classname="AddressBusTransactionArrayPkg"
			time="1.366"
		>
		</testcase>
		<testcase
			name="TbAxi4_TransactionApiMemory"
			classname="AddressBusTransactionArrayPkg"
			time="1.282"
		>
		</testcase>
		<testcase
			name="TbAxi4_AlertLogIDMemory"
			classname="AddressBusTransactionArrayPkg"
			time="1.206"
		>
		</testcase>
		<testcase
			name="TbAxi4_ReleaseAcquireMemory1"
			classname="AddressBusTransactionArrayPkg"
			time="1.475"
		>
		</testcase>
		<testcase
			name="TbAxi4_MultipleDriversMemory"
			classname="AddressBusTransactionArrayPkg"
			time="1.480"
		>
		</testcase>
		<testcase
			name="TbAxi4_MemoryAsync"
			classname="AddressBusTransactionArrayPkg"
			time="1.319"
		>
		</testcase>
		<testcase
			name="TbAxi4_TransactionApiManagerBurst"
			classname="AddressBusTransactionArrayPkg"
			time="1.179"
		>
		</testcase>
		<testcase
			name="TbAxi4_TransactionApiMemoryBurst"
			classname="AddressBusTransactionArrayPkg"
			time="1.165"
		>
		</testcase>
		<testcase
			name="TbAxi4_MemoryBurst1"
			classname="AddressBusTransactionArrayPkg"
			time="1.220"
		>
		</testcase>
		<testcase
			name="TbAxi4_MemoryBurstPattern1"
			classname="AddressBusTransactionArrayPkg"
			time="1.234"
		>
		</testcase>
		<testcase
			name="TbAxi4_MemoryBurstPattern2"
			classname="AddressBusTransactionArrayPkg"
			time="1.331"
		>
		</testcase>
		<testcase
			name="TbAxi4_MemoryBurstByte1"
			classname="AddressBusTransactionArrayPkg"
			time="1.147"
		>
		</testcase>
		<testcase
			name="TbAxi4_MemoryBurstBytePattern1"
			classname="AddressBusTransactionArrayPkg"
			time="1.161"
		>
		</testcase>
		<testcase
			name="TbAxi4_MemoryBurstAsync1"
			classname="AddressBusTransactionArrayPkg"
			time="1.193"
		>
		</testcase>
		<testcase
			name="TbAxi4_MemoryBurstAsyncPattern1"
			classname="AddressBusTransactionArrayPkg"
			time="1.133"
		>
		</testcase>
		<testcase
			name="TbAxi4_MemoryBurstAsyncPattern2"
			classname="AddressBusTransactionArrayPkg"
			time="1.344"
		>
		</testcase>
		<testcase
			name="TbAxi4_MemoryBurstSparse1"
			classname="AddressBusTransactionArrayPkg"
			time="1.188"
		>
		</testcase>
		<testcase
			name="TbAxi4_MemoryReadWriteDemo1"
			classname="AddressBusTransactionArrayPkg"
			time="1.536"
		>
		</testcase>
		<testcase
			name="TbAxi4_Interrupt1"
			classname="AddressBusTransactionArrayPkg"
			time="1.140"
		>
		</testcase>
		<testcase
			name="TbAxi4_SetModelOptions1"
			classname="AddressBusTransactionArrayPkg"
			time="1.158"
		>
		</testcase>
	</testsuite>
	<testsuite
		name="InterruptHandler_Gen"
		time="24.609"
		tests="6"
		failures="0"
		errors="0"
		skipped="0"
	>
		<testcase
			name="TbAb_Interrupt1"
			classname="InterruptHandler_Gen"
			time="1.256"
		>
		</testcase>
		<testcase
			name="TbAb_Interrupt2"
			classname="InterruptHandler_Gen"
			time="1.263"
		>
		</testcase>
		<testcase
			name="TbAb_Interrupt3"
			classname="InterruptHandler_Gen"
			time="1.335"
		>
		</testcase>
		<testcase
			name="TbAb_InterruptBurst1"
			classname="InterruptHandler_Gen"
			time="2.549"
		>
		</testcase>
		<testcase
			name="TbAb_InterruptBurst2"
			classname="InterruptHandler_Gen"
			time="1.177"
		>
		</testcase>
		<testcase
			name="TbAb_InterruptNoHandler1"
			classname="InterruptHandler_Gen"
			time="1.684"
		>
		</testcase>
	</testsuite>
	<testsuite
		name="ModelParams"
		time="5.745"
		tests="2"
		failures="0"
		errors="0"
		skipped="0"
	>
		<testcase
			name="TbModelParameters1"
			classname="ModelParams"
			time="1.056"
		>
		</testcase>
		<testcase
			name="TbModelParameters2"
			classname="ModelParams"
			time="0.909"
		>
		</testcase>
	</testsuite>
	<testsuite
		name="ModelParams_PT"
		time="2.321"
		tests="1"
		failures="0"
		errors="0"
		skipped="0"
	>
		<testcase
			name="TbModelParameters"
			classname="ModelParams_PT"
			time="0.758"
		>
		</testcase>
	</testsuite>
	<testsuite
		name="Axi4Lite"
		time="62.833"
		tests="17"
		failures="0"
		errors="0"
		skipped="0"
	>
		<testcase
			name="TbAxi4_BasicReadWrite"
			classname="Axi4Lite"
			time="1.530"
		>
		</testcase>
		<testcase
			name="TbAxi4_ReadWriteAsync1"
			classname="Axi4Lite"
			time="1.297"
		>
		</testcase>
		<testcase
			name="TbAxi4_ReadWriteAsync2"
			classname="Axi4Lite"
			time="1.696"
		>
		</testcase>
		<testcase
			name="TbAxi4_ReadWriteAsync3"
			classname="Axi4Lite"
			time="1.256"
		>
		</testcase>
		<testcase
			name="TbAxi4_RandomReadWrite"
			classname="Axi4Lite"
			time="1.473"
		>
		</testcase>
		<testcase
			name="TbAxi4_RandomReadWriteByte"
			classname="Axi4Lite"
			time="1.529"
		>
		</testcase>
		<testcase
			name="TbAxi4_TimeOut"
			classname="Axi4Lite"
			time="1.303"
		>
		</testcase>
		<testcase
			name="TbAxi4_WriteOptions"
			classname="Axi4Lite"
			time="1.972"
		>
		</testcase>
		<testcase
			name="TbAxi4_MemoryReadWrite1"
			classname="Axi4Lite"
			time="1.204"
		>
		</testcase>
		<testcase
			name="TbAxi4_AxiXResp"
			classname="Axi4Lite"
			time="1.144"
		>
		</testcase>
		<testcase
			name="TbAxi4_AxiXResp2_Enum"
			classname="Axi4Lite"
			time="1.203"
		>
		</testcase>
		<testcase
			name="TbAxi4_NoRandomTiming1"
			classname="Axi4Lite"
			time="1.195"
		>
		</testcase>
		<testcase
			name="TbAxi4_ManagerRandomTiming1"
			classname="Axi4Lite"
			time="1.202"
		>
		</testcase>
		<testcase
			name="TbAxi4_MemoryRandomTiming1"
			classname="Axi4Lite"
			time="1.222"
		>
		</testcase>
		<testcase
			name="TbAxi4_SubordinateRandomTiming1"
			classname="Axi4Lite"
			time="1.241"
		>
		</testcase>
		<testcase
			name="TbAxi4_ManagerMemoryRandomTiming1"
			classname="Axi4Lite"
			time="1.231"
		>
		</testcase>
		<testcase
			name="TbAxi4_ManagerSubordinateRandomTiming1"
			classname="Axi4Lite"
			time="1.223"
		>
		</testcase>
	</testsuite>
	<testsuite
		name="Axi4Full"
		time="262.242"
		tests="68"
		failures="0"
		errors="0"
		skipped="0"
	>
		<testcase
			name="TbAxi4_DemoMemoryReadWrite1"
			classname="Axi4Full"
			time="1.625"
		>
		</testcase>
		<testcase
			name="TbAxi4_BasicReadWrite"
			classname="Axi4Full"
			time="1.124"
		>
		</testcase>
		<testcase
			name="TbAxi4_RandomReadWrite"
			classname="Axi4Full"
			time="1.402"
		>
		</testcase>
		<testcase
			name="TbAxi4_RandomReadWriteByte1"
			classname="Axi4Full"
			time="1.385"
		>
		</testcase>
		<testcase
			name="TbAxi4_SubordinateReadWrite1"
			classname="Axi4Full"
			time="1.175"
		>
		</testcase>
		<testcase
			name="TbAxi4_SubordinateReadWrite2"
			classname="Axi4Full"
			time="1.422"
		>
		</testcase>
		<testcase
			name="TbAxi4_SubordinateReadWrite3"
			classname="Axi4Full"
			time="1.158"
		>
		</testcase>
		<testcase
			name="TbAxi4_ReadWriteAsync1"
			classname="Axi4Full"
			time="1.133"
		>
		</testcase>
		<testcase
			name="TbAxi4_ReadWriteAsync2"
			classname="Axi4Full"
			time="1.144"
		>
		</testcase>
		<testcase
			name="TbAxi4_ReadWriteAsync3"
			classname="Axi4Full"
			time="1.200"
		>
		</testcase>
		<testcase
			name="TbAxi4_ReadWriteAsync4"
			classname="Axi4Full"
			time="1.209"
		>
		</testcase>
		<testcase
			name="TbAxi4_SubordinateReadWriteAsync1"
			classname="Axi4Full"
			time="1.381"
		>
		</testcase>
		<testcase
			name="TbAxi4_SubordinateReadWriteAsync2"
			classname="Axi4Full"
			time="1.162"
		>
		</testcase>
		<testcase
			name="TbAxi4_MultipleDriversManager"
			classname="Axi4Full"
			time="1.140"
		>
		</testcase>
		<testcase
			name="TbAxi4_MultipleDriversSubordinate"
			classname="Axi4Full"
			time="1.118"
		>
		</testcase>
		<testcase
			name="TbAxi4_ReleaseAcquireSubordinate1"
			classname="Axi4Full"
			time="1.100"
		>
		</testcase>
		<testcase
			name="TbAxi4_AlertLogIDManager"
			classname="Axi4Full"
			time="1.222"
		>
		</testcase>
		<testcase
			name="TbAxi4_AlertLogIDSubordinate"
			classname="Axi4Full"
			time="1.153"
		>
		</testcase>
		<testcase
			name="TbAxi4_TransactionApiSubordinate"
			classname="Axi4Full"
			time="1.211"
		>
		</testcase>
		<testcase
			name="TbAxi4_ValidTimingManager"
			classname="Axi4Full"
			time="1.174"
		>
		</testcase>
		<testcase
			name="TbAxi4_ValidTimingSubordinate"
			classname="Axi4Full"
			time="1.191"
		>
		</testcase>
		<testcase
			name="TbAxi4_ReadyTimingSubordinate"
			classname="Axi4Full"
			time="1.226"
		>
		</testcase>
		<testcase
			name="TbAxi4_AxiIfOptionsManagerSubordinate"
			classname="Axi4Full"
			time="1.186"
		>
		</testcase>
		<testcase
			name="TbAxi4_AxiXResp"
			classname="Axi4Full"
			time="1.165"
		>
		</testcase>
		<testcase
			name="TbAxi4_AxiXResp2_Enum"
			classname="Axi4Full"
			time="1.169"
		>
		</testcase>
		<testcase
			name="TbAxi4_AxiXResp3_slv"
			classname="Axi4Full"
			time="1.185"
		>
		</testcase>
		<testcase
			name="TbAxi4_TimeOutManager"
			classname="Axi4Full"
			time="1.184"
		>
		</testcase>
		<testcase
			name="TbAxi4_TimeOutSubordinate"
			classname="Axi4Full"
			time="1.179"
		>
		</testcase>
		<testcase
			name="TbAxi4_MemoryReadWrite1"
			classname="Axi4Full"
			time="1.175"
		>
		</testcase>
		<testcase
			name="TbAxi4_MemoryReadWrite2"
			classname="Axi4Full"
			time="1.272"
		>
		</testcase>
		<testcase
			name="TbAxi4_MultipleDriversMemory"
			classname="Axi4Full"
			time="1.181"
		>
		</testcase>
		<testcase
			name="TbAxi4_ReleaseAcquireMemory1"
			classname="Axi4Full"
			time="1.262"
		>
		</testcase>
		<testcase
			name="TbAxi4_AlertLogIDMemory"
			classname="Axi4Full"
			time="1.182"
		>
		</testcase>
		<testcase
			name="TbAxi4_TimeOutMemory"
			classname="Axi4Full"
			time="1.226"
		>
		</testcase>
		<testcase
			name="TbAxi4_TransactionApiManager"
			classname="Axi4Full"
			time="1.214"
		>
		</testcase>
		<testcase
			name="TbAxi4_TransactionApiMemory"
			classname="Axi4Full"
			time="1.187"
		>
		</testcase>
		<testcase
			name="TbAxi4_ValidTimingMemory"
			classname="Axi4Full"
			time="1.258"
		>
		</testcase>
		<testcase
			name="TbAxi4_ReadyTimingManager"
			classname="Axi4Full"
			time="1.207"
		>
		</testcase>
		<testcase
			name="TbAxi4_ReadyTimingMemory"
			classname="Axi4Full"
			time="2.561"
		>
		</testcase>
		<testcase
			name="TbAxi4_MemoryAsync"
			classname="Axi4Full"
			time="1.612"
		>
		</testcase>
		<testcase
			name="TbAxi4_MemoryBurst1"
			classname="Axi4Full"
			time="1.552"
		>
		</testcase>
		<testcase
			name="TbAxi4_MemoryBurstAsync1"
			classname="Axi4Full"
			time="1.450"
		>
		</testcase>
		<testcase
			name="TbAxi4_MemoryBurstByte1"
			classname="Axi4Full"
			time="1.180"
		>
		</testcase>
		<testcase
			name="TbAxi4_MemoryBurstPattern1"
			classname="Axi4Full"
			time="1.288"
		>
		</testcase>
		<testcase
			name="TbAxi4_MemoryBurstPattern2"
			classname="Axi4Full"
			time="1.622"
		>
		</testcase>
		<testcase
			name="TbAxi4_MemoryBurstBytePattern1"
			classname="Axi4Full"
			time="1.249"
		>
		</testcase>
		<testcase
			name="TbAxi4_MemoryBurstAsyncPattern1"
			classname="Axi4Full"
			time="1.193"
		>
		</testcase>
		<testcase
			name="TbAxi4_MemoryBurstAsyncPattern2"
			classname="Axi4Full"
			time="1.243"
		>
		</testcase>
		<testcase
			name="TbAxi4_MemoryBurstSparse1"
			classname="Axi4Full"
			time="1.123"
		>
		</testcase>
		<testcase
			name="TbAxi4_ReleaseAcquireManager1"
			classname="Axi4Full"
			time="1.187"
		>
		</testcase>
		<testcase
			name="TbAxi4_AxSizeManagerMemory1"
			classname="Axi4Full"
			time="1.197"
		>
		</testcase>
		<testcase
			name="TbAxi4_AxSizeManagerMemory2"
			classname="Axi4Full"
			time="1.291"
		>
		</testcase>
		<testcase
			name="TbAxi4_AxiIfOptionsManagerMemory"
			classname="Axi4Full"
			time="1.291"
		>
		</testcase>
		<testcase
			name="TbAxi4_TransactionApiManagerBurst"
			classname="Axi4Full"
			time="1.360"
		>
		</testcase>
		<testcase
			name="TbAxi4_TransactionApiMemoryBurst"
			classname="Axi4Full"
			time="1.247"
		>
		</testcase>
		<testcase
			name="TbAxi4_ValidTimingBurstManager"
			classname="Axi4Full"
			time="1.273"
		>
		</testcase>
		<testcase
			name="TbAxi4_ValidTimingBurstMemory"
			classname="Axi4Full"
			time="1.428"
		>
		</testcase>
		<testcase
			name="TbAxi4_ManagerRandomTiming1"
			classname="Axi4Full"
			time="1.893"
		>
		</testcase>
		<testcase
			name="TbAxi4_ManagerRandomTimingAsync1"
			classname="Axi4Full"
			time="1.478"
		>
		</testcase>
		<testcase
			name="TbAxi4_MemoryRandomTiming1"
			classname="Axi4Full"
			time="1.347"
		>
		</testcase>
		<testcase
			name="TbAxi4_MemoryRandomTimingAsync1"
			classname="Axi4Full"
			time="1.692"
		>
		</testcase>
		<testcase
			name="TbAxi4_ManagerMemoryRandomTiming1"
			classname="Axi4Full"
			time="1.494"
		>
		</testcase>
		<testcase
			name="TbAxi4_SubordinateRandomTiming1"
			classname="Axi4Full"
			time="1.270"
		>
		</testcase>
		<testcase
			name="TbAxi4_ManagerSubordinateRandomTiming1"
			classname="Axi4Full"
			time="1.709"
		>
		</testcase>
		<testcase
			name="TbAxi4_ManagerSubordinateRandomTimingAsync1"
			classname="Axi4Full"
			time="1.451"
		>
		</testcase>
		<testcase
			name="TbAxi4_NoRandomTiming1"
			classname="Axi4Full"
			time="1.397"
		>
		</testcase>
		<testcase
			name="TbAxi4_Shared1"
			classname="Axi4Full"
			time="1.508"
		>
		</testcase>
		<testcase
			name="TbAxi4_Separate1"
			classname="Axi4Full"
			time="1.912"
		>
		</testcase>
	</testsuite>
	<testsuite
		name="AxiStream"
		time="245.728"
		tests="65"
		failures="0"
		errors="0"
		skipped="0"
	>
		<testcase
			name="TbStream_SendGetDemo1"
			classname="AxiStream"
			time="4.967"
		>
		</testcase>
		<testcase
			name="TbStream_SendGetPacketBurst1"
			classname="AxiStream"
			time="1.226"
		>
		</testcase>
		<testcase
			name="TbStream_SendGetRandom1"
			classname="AxiStream"
			time="1.247"
		>
		</testcase>
		<testcase
			name="TbStream_SendGetRandom2"
			classname="AxiStream"
			time="1.332"
		>
		</testcase>
		<testcase
			name="TbStream_MultipleDriversTransmitter1"
			classname="AxiStream"
			time="1.024"
		>
		</testcase>
		<testcase
			name="TbStream_MultipleDriversReceiver1"
			classname="AxiStream"
			time="1.205"
		>
		</testcase>
		<testcase
			name="TbStream_SendGet1"
			classname="AxiStream"
			time="1.236"
		>
		</testcase>
		<testcase
			name="TbStream_ByteHandling1"
			classname="AxiStream"
			time="1.364"
		>
		</testcase>
		<testcase
			name="TbStream_SendGetAsync1"
			classname="AxiStream"
			time="1.390"
		>
		</testcase>
		<testcase
			name="TbStream_ByteHandlingAsync1"
			classname="AxiStream"
			time="1.106"
		>
		</testcase>
		<testcase
			name="TbStream_SendGetBurst1"
			classname="AxiStream"
			time="1.376"
		>
		</testcase>
		<testcase
			name="TbStream_SendGetBurstByte1"
			classname="AxiStream"
			time="1.190"
		>
		</testcase>
		<testcase
			name="TbStream_ByteHandlingBurst1"
			classname="AxiStream"
			time="2.427"
		>
		</testcase>
		<testcase
			name="TbStream_ByteHandlingBurstByte1"
			classname="AxiStream"
			time="1.647"
		>
		</testcase>
		<testcase
			name="TbStream_SendCheckBurst1"
			classname="AxiStream"
			time="1.973"
		>
		</testcase>
		<testcase
			name="TbStream_SendCheckBurstByte1"
			classname="AxiStream"
			time="1.090"
		>
		</testcase>
		<testcase
			name="TbStream_SendCheckBurstPattern1"
			classname="AxiStream"
			time="1.750"
		>
		</testcase>
		<testcase
			name="TbStream_SendCheckBurstPattern2"
			classname="AxiStream"
			time="1.453"
		>
		</testcase>
		<testcase
			name="TbStream_SendCheckBurstBytePattern1"
			classname="AxiStream"
			time="1.491"
		>
		</testcase>
		<testcase
			name="TbStream_SendCheckBurstAsyncPattern1"
			classname="AxiStream"
			time="1.058"
		>
		</testcase>
		<testcase
			name="TbStream_SendCheckBurstAsyncPattern2"
			classname="AxiStream"
			time="1.580"
		>
		</testcase>
		<testcase
			name="TbStream_SendCheckBurstByteAsyncPattern1"
			classname="AxiStream"
			time="1.329"
		>
		</testcase>
		<testcase
			name="TbStream_SendGetBurstAsync1"
			classname="AxiStream"
			time="1.911"
		>
		</testcase>
		<testcase
			name="TbStream_SendGetBurstByteAsync1"
			classname="AxiStream"
			time="1.954"
		>
		</testcase>
		<testcase
			name="TbStream_ByteHandlingBurstAsync1"
			classname="AxiStream"
			time="1.083"
		>
		</testcase>
		<testcase
			name="TbStream_ByteHandlingBurstByteAsync1"
			classname="AxiStream"
			time="0.985"
		>
		</testcase>
		<testcase
			name="TbStream_SendCheckBurstAsync1"
			classname="AxiStream"
			time="1.087"
		>
		</testcase>
		<testcase
			name="TbStream_SendCheckBurstByteAsync1"
			classname="AxiStream"
			time="1.077"
		>
		</testcase>
		<testcase
			name="TbStream_ReleaseAcquireTransmitter1"
			classname="AxiStream"
			time="1.016"
		>
		</testcase>
		<testcase
			name="TbStream_ReleaseAcquireReceiver1"
			classname="AxiStream"
			time="1.052"
		>
		</testcase>
		<testcase
			name="TbStream_AxiSendGet2"
			classname="AxiStream"
			time="1.114"
		>
		</testcase>
		<testcase
			name="TbStream_AxiSetOptions1"
			classname="AxiStream"
			time="1.062"
		>
		</testcase>
		<testcase
			name="TbStream_AxiTxValidDelay1"
			classname="AxiStream"
			time="1.066"
		>
		</testcase>
		<testcase
			name="TbStream_AxiTiming1"
			classname="AxiStream"
			time="1.037"
		>
		</testcase>
		<testcase
			name="TbStream_AxiTiming2"
			classname="AxiStream"
			time="1.046"
		>
		</testcase>
		<testcase
			name="TbStream_AxiSetOptions2"
			classname="AxiStream"
			time="1.076"
		>
		</testcase>
		<testcase
			name="TbStream_AxiSendGetAsync2"
			classname="AxiStream"
			time="1.124"
		>
		</testcase>
		<testcase
			name="TbStream_AxiSetOptionsAsync1"
			classname="AxiStream"
			time="1.136"
		>
		</testcase>
		<testcase
			name="TbStream_AxiSetOptionsAsync2"
			classname="AxiStream"
			time="1.038"
		>
		</testcase>
		<testcase
			name="TbStream_WaitForGet1"
			classname="AxiStream"
			time="1.015"
		>
		</testcase>
		<testcase
			name="TbStream_WaitForGetAsync1"
			classname="AxiStream"
			time="1.206"
		>
		</testcase>
		<testcase
			name="TbStream_AxiSendGetBurst2"
			classname="AxiStream"
			time="1.021"
		>
		</testcase>
		<testcase
			name="TbStream_AxiLastParam1"
			classname="AxiStream"
			time="1.175"
		>
		</testcase>
		<testcase
			name="TbStream_AxiLastOption1"
			classname="AxiStream"
			time="1.174"
		>
		</testcase>
		<testcase
			name="TbStream_AxiSetOptionsBurst1"
			classname="AxiStream"
			time="1.007"
		>
		</testcase>
		<testcase
			name="TbStream_AxiTxValidDelayBurst1"
			classname="AxiStream"
			time="1.063"
		>
		</testcase>
		<testcase
			name="TbStream_AxiTimingBurst2"
			classname="AxiStream"
			time="1.168"
		>
		</testcase>
		<testcase
			name="TbStream_AxiSetOptionsBurst2"
			classname="AxiStream"
			time="1.074"
		>
		</testcase>
		<testcase
			name="TbStream_AxiSetOptionsBurstByte2"
			classname="AxiStream"
			time="1.057"
		>
		</testcase>
		<testcase
			name="TbStream_AxiSetOptionsBurst3"
			classname="AxiStream"
			time="1.039"
		>
		</testcase>
		<testcase
			name="TbStream_AxiBurstNoLast1"
			classname="AxiStream"
			time="1.094"
		>
		</testcase>
		<testcase
			name="TbStream_AxiSetOptionsBurstCheck3"
			classname="AxiStream"
			time="1.090"
		>
		</testcase>
		<testcase
			name="TbStream_AxiSendCheckBurstPattern1"
			classname="AxiStream"
			time="1.114"
		>
		</testcase>
		<testcase
			name="TbStream_AxiSendCheckBurstPattern2"
			classname="AxiStream"
			time="1.199"
		>
		</testcase>
		<testcase
			name="TbStream_AxiSendCheckBurstAsyncPattern1"
			classname="AxiStream"
			time="1.083"
		>
		</testcase>
		<testcase
			name="TbStream_AxiSendCheckBurstAsyncPattern2"
			classname="AxiStream"
			time="1.342"
		>
		</testcase>
		<testcase
			name="TbStream_AxiSendGetBurstAsync2"
			classname="AxiStream"
			time="1.066"
		>
		</testcase>
		<testcase
			name="TbStream_AxiLastParamAsync1"
			classname="AxiStream"
			time="1.154"
		>
		</testcase>
		<testcase
			name="TbStream_AxiLastOptionAsync1"
			classname="AxiStream"
			time="1.167"
		>
		</testcase>
		<testcase
			name="TbStream_AxiSetOptionsBurstAsync1"
			classname="AxiStream"
			time="1.075"
		>
		</testcase>
		<testcase
			name="TbStream_AxiSetOptionsBurstAsync2"
			classname="AxiStream"
			time="1.046"
		>
		</testcase>
		<testcase
			name="TbStream_AxiSetOptionsBurstByteAsync2"
			classname="AxiStream"
			time="1.050"
		>
		</testcase>
		<testcase
			name="TbStream_AxiSetOptionsBurstAsync3"
			classname="AxiStream"
			time="1.108"
		>
		</testcase>
		<testcase
			name="TbStream_AxiBurstAsyncNoLast1"
			classname="AxiStream"
			time="1.098"
		>
		</testcase>
		<testcase
			name="TbStream_AxiSetOptionsBurstCheckAsync3"
			classname="AxiStream"
			time="1.130"
		>
		</testcase>
	</testsuite>
	<testsuite
		name="Uart"
		time="29.862"
		tests="9"
		failures="0"
		errors="0"
		skipped="0"
	>
		<testcase
			name="TbUart_SendGet1"
			classname="Uart"
			time="1.074"
		>
		</testcase>
		<testcase
			name="TbUart_SendGet2"
			classname="Uart"
			time="0.990"
		>
		</testcase>
		<testcase
			name="TbUart_Options1"
			classname="Uart"
			time="1.121"
		>
		</testcase>
		<testcase
			name="TbUart_Options2"
			classname="Uart"
			time="0.900"
		>
		</testcase>
		<testcase
			name="TbUart_Checkers1"
			classname="Uart"
			time="1.081"
		>
		</testcase>
		<testcase
			name="TbUart_Checkers2"
			classname="Uart"
			time="1.012"
		>
		</testcase>
		<testcase
			name="TbUart_Scoreboard1"
			classname="Uart"
			time="2.618"
		>
		</testcase>
		<testcase
			name="TbUart_Overload1"
			classname="Uart"
			time="1.098"
		>
		</testcase>
		<testcase
			name="TbUart_SingleProcess_1"
			classname="Uart"
			time="1.046"
		>
		</testcase>
	</testsuite>
	<testsuite
		name="DpRam"
		time="3.745"
		tests="1"
		failures="0"
		errors="0"
		skipped="0"
	>
		<testcase
			name="TbDpRam_BasicReadWrite"
			classname="DpRam"
			time="0.934"
		>
		</testcase>
	</testsuite>
	<testsuite
		name="Ethernet"
		time="15.631"
		tests="6"
		failures="0"
		errors="0"
		skipped="0"
	>
		<testcase
			name="Tb_xMii1"
			classname="Ethernet"
			time="1.064"
		>
		</testcase>
		<testcase
			name="Tb_xMii1"
			classname="Ethernet"
			time="1.079"
		>
		</testcase>
		<testcase
			name="Tb_xMii1"
			classname="Ethernet"
			time="1.325"
		>
		</testcase>
		<testcase
			name="Tb_xMii1"
			classname="Ethernet"
			time="1.033"
		>
		</testcase>
		<testcase
			name="Tb_xMii1"
			classname="Ethernet"
			time="1.095"
		>
		</testcase>
		<testcase
			name="Tb_xMii1"
			classname="Ethernet"
			time="1.332"
		>
		</testcase>
	</testsuite>
	<testsuite
		name="VideoBus"
		time="4.098"
		tests="1"
		failures="0"
		errors="0"
		skipped="0"
	>
		<testcase
			name="TbVideoBus_SendGet"
			classname="VideoBus"
			time="1.227"
		>
		</testcase>
	</testsuite>
</testsuites>
