<testsuite name="testsuite" errors="0" failures="1" skipped="0" tests="3" hostname="LAPTOP-B6KUINVE"><testcase classname="lib.tb_example" name="all" time="4.6"><system-out># vsim -modelsimini C:/github/vunit/examples/vhdl/user_guide/vunit_out/modelsim/modelsim.ini -wlf C:/github/vunit/examples/vhdl/user_guide/vunit_out/test_output/lib.tb_example.all_7b5933c73ddb812488c059080644e9fd58c418d9/modelsim/vsim.wlf -quiet -t ps -onfinish stop lib.tb_example(tb) -L vunit_lib -L lib -g/tb_example/runner_cfg="active python runner : true,enabled_test_cases : ,output path : C::/github/vunit/examples/vhdl/user_guide/vunit_out/test_output/lib.tb_example.all_7b5933c73ddb812488c059080644e9fd58c418d9/,tb path : C::/github/vunit/examples/vhdl/user_guide/,use_color : true" 
# Start time: 17:20:59 on Feb 25,2024
# ** Note: (vsim-8009) Loading existing optimized design _opt
# //  Questa Sim-64
# //  Version 2023.3 win64 Jul 17 2023
# //
# //  Copyright 1991-2023 Mentor Graphics Corporation
# //  All Rights Reserved.
# //
# //  QuestaSim and its associated documentation contain trade
# //  secrets and commercial or financial information that are the property of
# //  Mentor Graphics Corporation and are privileged, confidential,
# //  and exempt from disclosure under the Freedom of Information Act,
# //  5 U.S.C. Section 552. Furthermore, this information
# //  is prohibited from disclosure under the Trade Secrets Act,
# //  18 U.S.C. Section 1905.
# //
# ** Note: Hello world!
#    Time: 0 ps  Iteration: 10  Instance: /tb_example
# Break in Subprogram stop at C:/github/vunit/vunit/vhdl/core/src/stop_body_2008p.vhd line 13
# Stopped at C:/github/vunit/vunit/vhdl/core/src/stop_body_2008p.vhd line 13
</system-out></testcase><testcase classname="lib.tb_example_many" name="test_pass" time="2.6"><system-out># End time: 17:21:02 on Feb 25,2024, Elapsed time: 0:00:03
# Errors: 0, Warnings: 0
# vsim -modelsimini C:/github/vunit/examples/vhdl/user_guide/vunit_out/modelsim/modelsim.ini -wlf C:/github/vunit/examples/vhdl/user_guide/vunit_out/test_output/lib.tb_example_many.test_pass_aff64431373db20d8bbba18c28096f449861ccbe/modelsim/vsim.wlf -quiet -t ps -onfinish stop lib.tb_example_many(tb) -L vunit_lib -L lib -g/tb_example_many/runner_cfg="active python runner : true,enabled_test_cases : test_pass,output path : C::/github/vunit/examples/vhdl/user_guide/vunit_out/test_output/lib.tb_example_many.test_pass_aff64431373db20d8bbba18c28096f449861ccbe/,tb path : C::/github/vunit/examples/vhdl/user_guide/,use_color : true" 
# Start time: 17:21:02 on Feb 25,2024
# ** Note: (vsim-8009) Loading existing optimized design _opt1
# ** Note: This will pass
#    Time: 0 ps  Iteration: 10  Instance: /tb_example_many
# Break in Subprogram stop at C:/github/vunit/vunit/vhdl/core/src/stop_body_2008p.vhd line 13
# Stopped at C:/github/vunit/vunit/vhdl/core/src/stop_body_2008p.vhd line 13
</system-out></testcase><testcase classname="lib.tb_example_many" name="test_fail" time="2.7"><system-out /><failure message="Failed"># End time: 17:21:04 on Feb 25,2024, Elapsed time: 0:00:02
# Errors: 0, Warnings: 0
# vsim -modelsimini C:/github/vunit/examples/vhdl/user_guide/vunit_out/modelsim/modelsim.ini -wlf C:/github/vunit/examples/vhdl/user_guide/vunit_out/test_output/lib.tb_example_many.test_fail_d8956871e3b3d178e412e37587673fe9df648faf/modelsim/vsim.wlf -quiet -t ps -onfinish stop lib.tb_example_many(tb) -L vunit_lib -L lib -g/tb_example_many/runner_cfg="active python runner : true,enabled_test_cases : test_fail,output path : C::/github/vunit/examples/vhdl/user_guide/vunit_out/test_output/lib.tb_example_many.test_fail_d8956871e3b3d178e412e37587673fe9df648faf/,tb path : C::/github/vunit/examples/vhdl/user_guide/,use_color : true" 
# Start time: 17:21:04 on Feb 25,2024
# ** Note: (vsim-8009) Loading existing optimized design _opt2
# ** Error: It fails
#    Time: 0 ps  Iteration: 10  Process: /tb_example_many/main File: C:/github/vunit/examples/vhdl/user_guide/tb_example_many.vhd
# Break in Process main at C:/github/vunit/examples/vhdl/user_guide/tb_example_many.vhd line 26
# Stopped at C:/github/vunit/examples/vhdl/user_guide/tb_example_many.vhd line 26
# 
# Test Run Failed!
# 
# Stack trace result from 'tb' command
#  C:/github/vunit/examples/vhdl/user_guide/tb_example_many.vhd 26 return [address 0x7ff4f69c5d5b] Process main
# 
# 
# Surrounding code from 'see' command
#   21 : 
#   22 :       if run("test_pass") then
#   23 :         report "This will pass";
#   24 : 
#   25 :       elsif run("test_fail") then
# -&gt;26 :         assert false report "It fails";
#   27 : 
#   28 :       end if;
#   29 :     end loop;
#   30 : 
# 
</failure></testcase></testsuite>